[1.589s] Invoking command in '/home/vboxuser/ros2_ws_CS/src/basic_comm': PYTHONPATH=/home/vboxuser/ros2_ws_CS/src/build/basic_comm/prefix_override:/usr/lib/python3/dist-packages/colcon_core/task/python/colcon_distutils_commands:/home/vboxuser/ros2_ws_CS/src/install/basic_comm/lib/python3.10/site-packages:${PYTHONPATH} /usr/bin/python3 -W ignore:setup.py install is deprecated -W ignore:easy_install command is deprecated setup.py egg_info --egg-base ../build/basic_comm build --build-base /home/vboxuser/ros2_ws_CS/src/build/basic_comm/build install --record /home/vboxuser/ros2_ws_CS/src/build/basic_comm/install.log --single-version-externally-managed install_data
[1.846s] running egg_info
[1.850s] writing ../build/basic_comm/basic_comm.egg-info/PKG-INFO
[1.850s] writing dependency_links to ../build/basic_comm/basic_comm.egg-info/dependency_links.txt
[1.850s] writing entry points to ../build/basic_comm/basic_comm.egg-info/entry_points.txt
[1.850s] writing requirements to ../build/basic_comm/basic_comm.egg-info/requires.txt
[1.850s] writing top-level names to ../build/basic_comm/basic_comm.egg-info/top_level.txt
[1.852s] reading manifest file '../build/basic_comm/basic_comm.egg-info/SOURCES.txt'
[1.853s] writing manifest file '../build/basic_comm/basic_comm.egg-info/SOURCES.txt'
[1.853s] running build
[1.853s] running build_py
[1.855s] running install
[1.855s] running install_lib
[1.856s] running install_data
[1.856s] running install_egg_info
[1.858s] removing '/home/vboxuser/ros2_ws_CS/src/install/basic_comm/lib/python3.10/site-packages/basic_comm-0.0.0-py3.10.egg-info' (and everything under it)
[1.859s] Copying ../build/basic_comm/basic_comm.egg-info to /home/vboxuser/ros2_ws_CS/src/install/basic_comm/lib/python3.10/site-packages/basic_comm-0.0.0-py3.10.egg-info
[1.860s] running install_scripts
[1.889s] Installing listener script to /home/vboxuser/ros2_ws_CS/src/install/basic_comm/lib/basic_comm
[1.890s] Installing talker script to /home/vboxuser/ros2_ws_CS/src/install/basic_comm/lib/basic_comm
[1.890s] writing list of installed files to '/home/vboxuser/ros2_ws_CS/src/build/basic_comm/install.log'
[1.928s] Invoked command in '/home/vboxuser/ros2_ws_CS/src/basic_comm' returned '0': PYTHONPATH=/home/vboxuser/ros2_ws_CS/src/build/basic_comm/prefix_override:/usr/lib/python3/dist-packages/colcon_core/task/python/colcon_distutils_commands:/home/vboxuser/ros2_ws_CS/src/install/basic_comm/lib/python3.10/site-packages:${PYTHONPATH} /usr/bin/python3 -W ignore:setup.py install is deprecated -W ignore:easy_install command is deprecated setup.py egg_info --egg-base ../build/basic_comm build --build-base /home/vboxuser/ros2_ws_CS/src/build/basic_comm/build install --record /home/vboxuser/ros2_ws_CS/src/build/basic_comm/install.log --single-version-externally-managed install_data
