[0.137s] DEBUG:colcon:Command line arguments: ['/usr/bin/colcon', 'build']
[0.137s] DEBUG:colcon:Parsed command line arguments: Namespace(log_base=None, log_level=None, verb_name='build', build_base='build', install_base='install', merge_install=False, symlink_install=False, test_result_base=None, continue_on_error=False, executor='parallel', parallel_workers=4, event_handlers=None, ignore_user_meta=False, metas=['./colcon.meta'], base_paths=['.'], packages_ignore=None, packages_ignore_regex=None, paths=None, packages_up_to=None, packages_up_to_regex=None, packages_above=None, packages_above_and_dependencies=None, packages_above_depth=None, packages_select_by_dep=None, packages_skip_by_dep=None, packages_skip_up_to=None, packages_select_build_failed=False, packages_skip_build_finished=False, packages_select_test_failures=False, packages_skip_test_passed=False, packages_select=None, packages_skip=None, packages_select_regex=None, packages_skip_regex=None, packages_start=None, packages_end=None, allow_overriding=[], cmake_args=None, cmake_target=None, cmake_target_skip_unavailable=False, cmake_clean_cache=False, cmake_clean_first=False, cmake_force_configure=False, ament_cmake_args=None, catkin_cmake_args=None, catkin_skip_building_tests=False, verb_parser=<colcon_defaults.argument_parser.defaults.DefaultArgumentsDecorator object at 0x7106a9850a60>, verb_extension=<colcon_core.verb.build.BuildVerb object at 0x7106a9850490>, main=<bound method BuildVerb.main of <colcon_core.verb.build.BuildVerb object at 0x7106a9850490>>)
[0.328s] Level 1:colcon.colcon_core.package_discovery:discover_packages(colcon_meta) check parameters
[0.328s] Level 1:colcon.colcon_core.package_discovery:discover_packages(recursive) check parameters
[0.328s] Level 1:colcon.colcon_core.package_discovery:discover_packages(ignore) check parameters
[0.328s] Level 1:colcon.colcon_core.package_discovery:discover_packages(path) check parameters
[0.328s] Level 1:colcon.colcon_core.package_discovery:discover_packages(colcon_meta) discover
[0.328s] Level 1:colcon.colcon_core.package_discovery:discover_packages(recursive) discover
[0.328s] INFO:colcon.colcon_core.package_discovery:Crawling recursively for packages in '/home/vboxuser/ros2_ws_CS'
[0.328s] Level 1:colcon.colcon_core.package_identification:_identify(.) by extensions ['ignore', 'ignore_ament_install']
[0.328s] Level 1:colcon.colcon_core.package_identification:_identify(.) by extension 'ignore'
[0.328s] Level 1:colcon.colcon_core.package_identification:_identify(.) by extension 'ignore_ament_install'
[0.329s] Level 1:colcon.colcon_core.package_identification:_identify(.) by extensions ['colcon_pkg']
[0.329s] Level 1:colcon.colcon_core.package_identification:_identify(.) by extension 'colcon_pkg'
[0.329s] Level 1:colcon.colcon_core.package_identification:_identify(.) by extensions ['colcon_meta']
[0.329s] Level 1:colcon.colcon_core.package_identification:_identify(.) by extension 'colcon_meta'
[0.329s] Level 1:colcon.colcon_core.package_identification:_identify(.) by extensions ['ros']
[0.329s] Level 1:colcon.colcon_core.package_identification:_identify(.) by extension 'ros'
[0.347s] Level 1:colcon.colcon_core.package_identification:_identify(.) by extensions ['cmake', 'python']
[0.347s] Level 1:colcon.colcon_core.package_identification:_identify(.) by extension 'cmake'
[0.347s] Level 1:colcon.colcon_core.package_identification:_identify(.) by extension 'python'
[0.347s] Level 1:colcon.colcon_core.package_identification:_identify(.) by extensions ['python_setup_py']
[0.347s] Level 1:colcon.colcon_core.package_identification:_identify(.) by extension 'python_setup_py'
[0.348s] Level 1:colcon.colcon_core.package_identification:_identify(build) by extensions ['ignore', 'ignore_ament_install']
[0.348s] Level 1:colcon.colcon_core.package_identification:_identify(build) by extension 'ignore'
[0.348s] Level 1:colcon.colcon_core.package_identification:_identify(build) ignored
[0.348s] Level 1:colcon.colcon_core.package_identification:_identify(install) by extensions ['ignore', 'ignore_ament_install']
[0.348s] Level 1:colcon.colcon_core.package_identification:_identify(install) by extension 'ignore'
[0.348s] Level 1:colcon.colcon_core.package_identification:_identify(install) ignored
[0.348s] Level 1:colcon.colcon_core.package_identification:_identify(log) by extensions ['ignore', 'ignore_ament_install']
[0.348s] Level 1:colcon.colcon_core.package_identification:_identify(log) by extension 'ignore'
[0.348s] Level 1:colcon.colcon_core.package_identification:_identify(log) ignored
[0.349s] Level 1:colcon.colcon_core.package_identification:_identify(src) by extensions ['ignore', 'ignore_ament_install']
[0.349s] Level 1:colcon.colcon_core.package_identification:_identify(src) by extension 'ignore'
[0.349s] Level 1:colcon.colcon_core.package_identification:_identify(src) by extension 'ignore_ament_install'
[0.349s] Level 1:colcon.colcon_core.package_identification:_identify(src) by extensions ['colcon_pkg']
[0.349s] Level 1:colcon.colcon_core.package_identification:_identify(src) by extension 'colcon_pkg'
[0.349s] Level 1:colcon.colcon_core.package_identification:_identify(src) by extensions ['colcon_meta']
[0.349s] Level 1:colcon.colcon_core.package_identification:_identify(src) by extension 'colcon_meta'
[0.349s] Level 1:colcon.colcon_core.package_identification:_identify(src) by extensions ['ros']
[0.349s] Level 1:colcon.colcon_core.package_identification:_identify(src) by extension 'ros'
[0.349s] Level 1:colcon.colcon_core.package_identification:_identify(src) by extensions ['cmake', 'python']
[0.349s] Level 1:colcon.colcon_core.package_identification:_identify(src) by extension 'cmake'
[0.349s] Level 1:colcon.colcon_core.package_identification:_identify(src) by extension 'python'
[0.349s] Level 1:colcon.colcon_core.package_identification:_identify(src) by extensions ['python_setup_py']
[0.349s] Level 1:colcon.colcon_core.package_identification:_identify(src) by extension 'python_setup_py'
[0.349s] Level 1:colcon.colcon_core.package_identification:_identify(src/adruino) by extensions ['ignore', 'ignore_ament_install']
[0.349s] Level 1:colcon.colcon_core.package_identification:_identify(src/adruino) by extension 'ignore'
[0.349s] Level 1:colcon.colcon_core.package_identification:_identify(src/adruino) by extension 'ignore_ament_install'
[0.349s] Level 1:colcon.colcon_core.package_identification:_identify(src/adruino) by extensions ['colcon_pkg']
[0.349s] Level 1:colcon.colcon_core.package_identification:_identify(src/adruino) by extension 'colcon_pkg'
[0.350s] Level 1:colcon.colcon_core.package_identification:_identify(src/adruino) by extensions ['colcon_meta']
[0.350s] Level 1:colcon.colcon_core.package_identification:_identify(src/adruino) by extension 'colcon_meta'
[0.350s] Level 1:colcon.colcon_core.package_identification:_identify(src/adruino) by extensions ['ros']
[0.350s] Level 1:colcon.colcon_core.package_identification:_identify(src/adruino) by extension 'ros'
[0.350s] Level 1:colcon.colcon_core.package_identification:_identify(src/adruino) by extensions ['cmake', 'python']
[0.350s] Level 1:colcon.colcon_core.package_identification:_identify(src/adruino) by extension 'cmake'
[0.350s] Level 1:colcon.colcon_core.package_identification:_identify(src/adruino) by extension 'python'
[0.350s] Level 1:colcon.colcon_core.package_identification:_identify(src/adruino) by extensions ['python_setup_py']
[0.350s] Level 1:colcon.colcon_core.package_identification:_identify(src/adruino) by extension 'python_setup_py'
[0.350s] Level 1:colcon.colcon_core.package_identification:_identify(src/basic_comm) by extensions ['ignore', 'ignore_ament_install']
[0.351s] Level 1:colcon.colcon_core.package_identification:_identify(src/basic_comm) by extension 'ignore'
[0.351s] Level 1:colcon.colcon_core.package_identification:_identify(src/basic_comm) by extension 'ignore_ament_install'
[0.351s] Level 1:colcon.colcon_core.package_identification:_identify(src/basic_comm) by extensions ['colcon_pkg']
[0.351s] Level 1:colcon.colcon_core.package_identification:_identify(src/basic_comm) by extension 'colcon_pkg'
[0.351s] Level 1:colcon.colcon_core.package_identification:_identify(src/basic_comm) by extensions ['colcon_meta']
[0.351s] Level 1:colcon.colcon_core.package_identification:_identify(src/basic_comm) by extension 'colcon_meta'
[0.351s] Level 1:colcon.colcon_core.package_identification:_identify(src/basic_comm) by extensions ['ros']
[0.351s] Level 1:colcon.colcon_core.package_identification:_identify(src/basic_comm) by extension 'ros'
[0.354s] DEBUG:colcon.colcon_core.package_identification:Package 'src/basic_comm' with type 'ros.ament_python' and name 'basic_comm'
[0.354s] Level 1:colcon.colcon_core.package_identification:_identify(src/build) by extensions ['ignore', 'ignore_ament_install']
[0.354s] Level 1:colcon.colcon_core.package_identification:_identify(src/build) by extension 'ignore'
[0.354s] Level 1:colcon.colcon_core.package_identification:_identify(src/build) ignored
[0.355s] Level 1:colcon.colcon_core.package_identification:_identify(src/forward_kinematics) by extensions ['ignore', 'ignore_ament_install']
[0.355s] Level 1:colcon.colcon_core.package_identification:_identify(src/forward_kinematics) by extension 'ignore'
[0.355s] Level 1:colcon.colcon_core.package_identification:_identify(src/forward_kinematics) by extension 'ignore_ament_install'
[0.355s] Level 1:colcon.colcon_core.package_identification:_identify(src/forward_kinematics) by extensions ['colcon_pkg']
[0.355s] Level 1:colcon.colcon_core.package_identification:_identify(src/forward_kinematics) by extension 'colcon_pkg'
[0.355s] Level 1:colcon.colcon_core.package_identification:_identify(src/forward_kinematics) by extensions ['colcon_meta']
[0.355s] Level 1:colcon.colcon_core.package_identification:_identify(src/forward_kinematics) by extension 'colcon_meta'
[0.355s] Level 1:colcon.colcon_core.package_identification:_identify(src/forward_kinematics) by extensions ['ros']
[0.355s] Level 1:colcon.colcon_core.package_identification:_identify(src/forward_kinematics) by extension 'ros'
[0.355s] DEBUG:colcon.colcon_core.package_identification:Package 'src/forward_kinematics' with type 'ros.ament_python' and name 'forward_kinematics'
[0.356s] Level 1:colcon.colcon_core.package_identification:_identify(src/install) by extensions ['ignore', 'ignore_ament_install']
[0.356s] Level 1:colcon.colcon_core.package_identification:_identify(src/install) by extension 'ignore'
[0.356s] Level 1:colcon.colcon_core.package_identification:_identify(src/install) ignored
[0.356s] Level 1:colcon.colcon_core.package_identification:_identify(src/inverse_kinematics) by extensions ['ignore', 'ignore_ament_install']
[0.356s] Level 1:colcon.colcon_core.package_identification:_identify(src/inverse_kinematics) by extension 'ignore'
[0.356s] Level 1:colcon.colcon_core.package_identification:_identify(src/inverse_kinematics) by extension 'ignore_ament_install'
[0.356s] Level 1:colcon.colcon_core.package_identification:_identify(src/inverse_kinematics) by extensions ['colcon_pkg']
[0.356s] Level 1:colcon.colcon_core.package_identification:_identify(src/inverse_kinematics) by extension 'colcon_pkg'
[0.356s] Level 1:colcon.colcon_core.package_identification:_identify(src/inverse_kinematics) by extensions ['colcon_meta']
[0.356s] Level 1:colcon.colcon_core.package_identification:_identify(src/inverse_kinematics) by extension 'colcon_meta'
[0.356s] Level 1:colcon.colcon_core.package_identification:_identify(src/inverse_kinematics) by extensions ['ros']
[0.356s] Level 1:colcon.colcon_core.package_identification:_identify(src/inverse_kinematics) by extension 'ros'
[0.356s] DEBUG:colcon.colcon_core.package_identification:Package 'src/inverse_kinematics' with type 'ros.ament_python' and name 'inverse_kinematics'
[0.357s] Level 1:colcon.colcon_core.package_identification:_identify(src/log) by extensions ['ignore', 'ignore_ament_install']
[0.357s] Level 1:colcon.colcon_core.package_identification:_identify(src/log) by extension 'ignore'
[0.357s] Level 1:colcon.colcon_core.package_identification:_identify(src/log) ignored
[0.357s] Level 1:colcon.colcon_core.package_identification:_identify(src/serial_comm) by extensions ['ignore', 'ignore_ament_install']
[0.357s] Level 1:colcon.colcon_core.package_identification:_identify(src/serial_comm) by extension 'ignore'
[0.357s] Level 1:colcon.colcon_core.package_identification:_identify(src/serial_comm) by extension 'ignore_ament_install'
[0.357s] Level 1:colcon.colcon_core.package_identification:_identify(src/serial_comm) by extensions ['colcon_pkg']
[0.357s] Level 1:colcon.colcon_core.package_identification:_identify(src/serial_comm) by extension 'colcon_pkg'
[0.357s] Level 1:colcon.colcon_core.package_identification:_identify(src/serial_comm) by extensions ['colcon_meta']
[0.357s] Level 1:colcon.colcon_core.package_identification:_identify(src/serial_comm) by extension 'colcon_meta'
[0.357s] Level 1:colcon.colcon_core.package_identification:_identify(src/serial_comm) by extensions ['ros']
[0.357s] Level 1:colcon.colcon_core.package_identification:_identify(src/serial_comm) by extension 'ros'
[0.358s] DEBUG:colcon.colcon_core.package_identification:Package 'src/serial_comm' with type 'ros.ament_python' and name 'serial_comm'
[0.358s] Level 1:colcon.colcon_core.package_discovery:discover_packages(recursive) using defaults
[0.358s] Level 1:colcon.colcon_core.package_discovery:discover_packages(ignore) discover
[0.358s] Level 1:colcon.colcon_core.package_discovery:discover_packages(ignore) using defaults
[0.358s] Level 1:colcon.colcon_core.package_discovery:discover_packages(path) discover
[0.358s] Level 1:colcon.colcon_core.package_discovery:discover_packages(path) using defaults
[0.387s] Level 1:colcon.colcon_core.package_discovery:discover_packages(prefix_path) check parameters
[0.387s] Level 1:colcon.colcon_core.package_discovery:discover_packages(prefix_path) discover
[0.389s] DEBUG:colcon.colcon_installed_package_information.package_discovery:Found 3 installed packages in /home/vboxuser/ros2_ws_CS/install
[0.390s] DEBUG:colcon.colcon_installed_package_information.package_discovery:Found 1 installed packages in /home/vboxuser/ros2_ws/install
[0.391s] DEBUG:colcon.colcon_installed_package_information.package_discovery:Found 271 installed packages in /opt/ros/humble
[0.404s] Level 1:colcon.colcon_core.package_discovery:discover_packages(prefix_path) using defaults
[0.445s] Level 5:colcon.colcon_core.verb:set package 'basic_comm' build argument 'cmake_args' from command line to 'None'
[0.446s] Level 5:colcon.colcon_core.verb:set package 'basic_comm' build argument 'cmake_target' from command line to 'None'
[0.446s] Level 5:colcon.colcon_core.verb:set package 'basic_comm' build argument 'cmake_target_skip_unavailable' from command line to 'False'
[0.446s] Level 5:colcon.colcon_core.verb:set package 'basic_comm' build argument 'cmake_clean_cache' from command line to 'False'
[0.446s] Level 5:colcon.colcon_core.verb:set package 'basic_comm' build argument 'cmake_clean_first' from command line to 'False'
[0.446s] Level 5:colcon.colcon_core.verb:set package 'basic_comm' build argument 'cmake_force_configure' from command line to 'False'
[0.446s] Level 5:colcon.colcon_core.verb:set package 'basic_comm' build argument 'ament_cmake_args' from command line to 'None'
[0.446s] Level 5:colcon.colcon_core.verb:set package 'basic_comm' build argument 'catkin_cmake_args' from command line to 'None'
[0.446s] Level 5:colcon.colcon_core.verb:set package 'basic_comm' build argument 'catkin_skip_building_tests' from command line to 'False'
[0.446s] DEBUG:colcon.colcon_core.verb:Building package 'basic_comm' with the following arguments: {'ament_cmake_args': None, 'build_base': '/home/vboxuser/ros2_ws_CS/build/basic_comm', 'catkin_cmake_args': None, 'catkin_skip_building_tests': False, 'cmake_args': None, 'cmake_clean_cache': False, 'cmake_clean_first': False, 'cmake_force_configure': False, 'cmake_target': None, 'cmake_target_skip_unavailable': False, 'install_base': '/home/vboxuser/ros2_ws_CS/install/basic_comm', 'merge_install': False, 'path': '/home/vboxuser/ros2_ws_CS/src/basic_comm', 'symlink_install': False, 'test_result_base': None}
[0.446s] Level 5:colcon.colcon_core.verb:set package 'forward_kinematics' build argument 'cmake_args' from command line to 'None'
[0.446s] Level 5:colcon.colcon_core.verb:set package 'forward_kinematics' build argument 'cmake_target' from command line to 'None'
[0.446s] Level 5:colcon.colcon_core.verb:set package 'forward_kinematics' build argument 'cmake_target_skip_unavailable' from command line to 'False'
[0.446s] Level 5:colcon.colcon_core.verb:set package 'forward_kinematics' build argument 'cmake_clean_cache' from command line to 'False'
[0.446s] Level 5:colcon.colcon_core.verb:set package 'forward_kinematics' build argument 'cmake_clean_first' from command line to 'False'
[0.446s] Level 5:colcon.colcon_core.verb:set package 'forward_kinematics' build argument 'cmake_force_configure' from command line to 'False'
[0.446s] Level 5:colcon.colcon_core.verb:set package 'forward_kinematics' build argument 'ament_cmake_args' from command line to 'None'
[0.446s] Level 5:colcon.colcon_core.verb:set package 'forward_kinematics' build argument 'catkin_cmake_args' from command line to 'None'
[0.446s] Level 5:colcon.colcon_core.verb:set package 'forward_kinematics' build argument 'catkin_skip_building_tests' from command line to 'False'
[0.446s] DEBUG:colcon.colcon_core.verb:Building package 'forward_kinematics' with the following arguments: {'ament_cmake_args': None, 'build_base': '/home/vboxuser/ros2_ws_CS/build/forward_kinematics', 'catkin_cmake_args': None, 'catkin_skip_building_tests': False, 'cmake_args': None, 'cmake_clean_cache': False, 'cmake_clean_first': False, 'cmake_force_configure': False, 'cmake_target': None, 'cmake_target_skip_unavailable': False, 'install_base': '/home/vboxuser/ros2_ws_CS/install/forward_kinematics', 'merge_install': False, 'path': '/home/vboxuser/ros2_ws_CS/src/forward_kinematics', 'symlink_install': False, 'test_result_base': None}
[0.447s] Level 5:colcon.colcon_core.verb:set package 'inverse_kinematics' build argument 'cmake_args' from command line to 'None'
[0.447s] Level 5:colcon.colcon_core.verb:set package 'inverse_kinematics' build argument 'cmake_target' from command line to 'None'
[0.447s] Level 5:colcon.colcon_core.verb:set package 'inverse_kinematics' build argument 'cmake_target_skip_unavailable' from command line to 'False'
[0.447s] Level 5:colcon.colcon_core.verb:set package 'inverse_kinematics' build argument 'cmake_clean_cache' from command line to 'False'
[0.447s] Level 5:colcon.colcon_core.verb:set package 'inverse_kinematics' build argument 'cmake_clean_first' from command line to 'False'
[0.447s] Level 5:colcon.colcon_core.verb:set package 'inverse_kinematics' build argument 'cmake_force_configure' from command line to 'False'
[0.447s] Level 5:colcon.colcon_core.verb:set package 'inverse_kinematics' build argument 'ament_cmake_args' from command line to 'None'
[0.447s] Level 5:colcon.colcon_core.verb:set package 'inverse_kinematics' build argument 'catkin_cmake_args' from command line to 'None'
[0.447s] Level 5:colcon.colcon_core.verb:set package 'inverse_kinematics' build argument 'catkin_skip_building_tests' from command line to 'False'
[0.447s] DEBUG:colcon.colcon_core.verb:Building package 'inverse_kinematics' with the following arguments: {'ament_cmake_args': None, 'build_base': '/home/vboxuser/ros2_ws_CS/build/inverse_kinematics', 'catkin_cmake_args': None, 'catkin_skip_building_tests': False, 'cmake_args': None, 'cmake_clean_cache': False, 'cmake_clean_first': False, 'cmake_force_configure': False, 'cmake_target': None, 'cmake_target_skip_unavailable': False, 'install_base': '/home/vboxuser/ros2_ws_CS/install/inverse_kinematics', 'merge_install': False, 'path': '/home/vboxuser/ros2_ws_CS/src/inverse_kinematics', 'symlink_install': False, 'test_result_base': None}
[0.447s] Level 5:colcon.colcon_core.verb:set package 'serial_comm' build argument 'cmake_args' from command line to 'None'
[0.447s] Level 5:colcon.colcon_core.verb:set package 'serial_comm' build argument 'cmake_target' from command line to 'None'
[0.447s] Level 5:colcon.colcon_core.verb:set package 'serial_comm' build argument 'cmake_target_skip_unavailable' from command line to 'False'
[0.447s] Level 5:colcon.colcon_core.verb:set package 'serial_comm' build argument 'cmake_clean_cache' from command line to 'False'
[0.447s] Level 5:colcon.colcon_core.verb:set package 'serial_comm' build argument 'cmake_clean_first' from command line to 'False'
[0.447s] Level 5:colcon.colcon_core.verb:set package 'serial_comm' build argument 'cmake_force_configure' from command line to 'False'
[0.447s] Level 5:colcon.colcon_core.verb:set package 'serial_comm' build argument 'ament_cmake_args' from command line to 'None'
[0.447s] Level 5:colcon.colcon_core.verb:set package 'serial_comm' build argument 'catkin_cmake_args' from command line to 'None'
[0.447s] Level 5:colcon.colcon_core.verb:set package 'serial_comm' build argument 'catkin_skip_building_tests' from command line to 'False'
[0.447s] DEBUG:colcon.colcon_core.verb:Building package 'serial_comm' with the following arguments: {'ament_cmake_args': None, 'build_base': '/home/vboxuser/ros2_ws_CS/build/serial_comm', 'catkin_cmake_args': None, 'catkin_skip_building_tests': False, 'cmake_args': None, 'cmake_clean_cache': False, 'cmake_clean_first': False, 'cmake_force_configure': False, 'cmake_target': None, 'cmake_target_skip_unavailable': False, 'install_base': '/home/vboxuser/ros2_ws_CS/install/serial_comm', 'merge_install': False, 'path': '/home/vboxuser/ros2_ws_CS/src/serial_comm', 'symlink_install': False, 'test_result_base': None}
[0.448s] INFO:colcon.colcon_core.executor:Executing jobs using 'parallel' executor
[0.449s] DEBUG:colcon.colcon_parallel_executor.executor.parallel:run_until_complete
[0.449s] INFO:colcon.colcon_ros.task.ament_python.build:Building ROS package in '/home/vboxuser/ros2_ws_CS/src/basic_comm' with build type 'ament_python'
[0.449s] Level 1:colcon.colcon_core.shell:create_environment_hook('basic_comm', 'ament_prefix_path')
[0.453s] INFO:colcon.colcon_core.plugin_system:Skipping extension 'colcon_core.shell.bat': Not used on non-Windows systems
[0.453s] INFO:colcon.colcon_core.shell:Creating environment hook '/home/vboxuser/ros2_ws_CS/install/basic_comm/share/basic_comm/hook/ament_prefix_path.ps1'
[0.455s] INFO:colcon.colcon_core.shell:Creating environment descriptor '/home/vboxuser/ros2_ws_CS/install/basic_comm/share/basic_comm/hook/ament_prefix_path.dsv'
[0.455s] INFO:colcon.colcon_core.shell:Creating environment hook '/home/vboxuser/ros2_ws_CS/install/basic_comm/share/basic_comm/hook/ament_prefix_path.sh'
[0.457s] INFO:colcon.colcon_core.shell:Skip shell extension 'powershell' for command environment: Not usable outside of PowerShell
[0.457s] DEBUG:colcon.colcon_core.shell:Skip shell extension 'dsv' for command environment
[0.462s] INFO:colcon.colcon_ros.task.ament_python.build:Building ROS package in '/home/vboxuser/ros2_ws_CS/src/forward_kinematics' with build type 'ament_python'
[0.462s] Level 1:colcon.colcon_core.shell:create_environment_hook('forward_kinematics', 'ament_prefix_path')
[0.462s] INFO:colcon.colcon_core.shell:Creating environment hook '/home/vboxuser/ros2_ws_CS/install/forward_kinematics/share/forward_kinematics/hook/ament_prefix_path.ps1'
[0.463s] INFO:colcon.colcon_core.shell:Creating environment descriptor '/home/vboxuser/ros2_ws_CS/install/forward_kinematics/share/forward_kinematics/hook/ament_prefix_path.dsv'
[0.463s] INFO:colcon.colcon_core.shell:Creating environment hook '/home/vboxuser/ros2_ws_CS/install/forward_kinematics/share/forward_kinematics/hook/ament_prefix_path.sh'
[0.464s] INFO:colcon.colcon_core.shell:Skip shell extension 'powershell' for command environment: Not usable outside of PowerShell
[0.464s] DEBUG:colcon.colcon_core.shell:Skip shell extension 'dsv' for command environment
[0.500s] INFO:colcon.colcon_ros.task.ament_python.build:Building ROS package in '/home/vboxuser/ros2_ws_CS/src/inverse_kinematics' with build type 'ament_python'
[0.500s] Level 1:colcon.colcon_core.shell:create_environment_hook('inverse_kinematics', 'ament_prefix_path')
[0.506s] INFO:colcon.colcon_core.shell:Creating environment hook '/home/vboxuser/ros2_ws_CS/install/inverse_kinematics/share/inverse_kinematics/hook/ament_prefix_path.ps1'
[0.512s] INFO:colcon.colcon_core.shell:Creating environment descriptor '/home/vboxuser/ros2_ws_CS/install/inverse_kinematics/share/inverse_kinematics/hook/ament_prefix_path.dsv'
[0.514s] INFO:colcon.colcon_core.shell:Creating environment hook '/home/vboxuser/ros2_ws_CS/install/inverse_kinematics/share/inverse_kinematics/hook/ament_prefix_path.sh'
[0.515s] INFO:colcon.colcon_core.shell:Skip shell extension 'powershell' for command environment: Not usable outside of PowerShell
[0.515s] DEBUG:colcon.colcon_core.shell:Skip shell extension 'dsv' for command environment
[0.528s] INFO:colcon.colcon_ros.task.ament_python.build:Building ROS package in '/home/vboxuser/ros2_ws_CS/src/serial_comm' with build type 'ament_python'
[0.528s] Level 1:colcon.colcon_core.shell:create_environment_hook('serial_comm', 'ament_prefix_path')
[0.529s] INFO:colcon.colcon_core.shell:Creating environment hook '/home/vboxuser/ros2_ws_CS/install/serial_comm/share/serial_comm/hook/ament_prefix_path.ps1'
[0.529s] INFO:colcon.colcon_core.shell:Creating environment descriptor '/home/vboxuser/ros2_ws_CS/install/serial_comm/share/serial_comm/hook/ament_prefix_path.dsv'
[0.530s] INFO:colcon.colcon_core.shell:Creating environment hook '/home/vboxuser/ros2_ws_CS/install/serial_comm/share/serial_comm/hook/ament_prefix_path.sh'
[0.532s] INFO:colcon.colcon_core.shell:Skip shell extension 'powershell' for command environment: Not usable outside of PowerShell
[0.532s] DEBUG:colcon.colcon_core.shell:Skip shell extension 'dsv' for command environment
[0.933s] WARNING:colcon.colcon_ros.task.ament_python.build:Package 'basic_comm' doesn't explicitly install a marker in the package index (colcon-ros currently does it implicitly but that fallback will be removed in the future)
[0.933s] INFO:colcon.colcon_core.task.python.build:Building Python package in '/home/vboxuser/ros2_ws_CS/src/basic_comm'
[0.934s] INFO:colcon.colcon_core.shell:Skip shell extension 'powershell' for command environment: Not usable outside of PowerShell
[0.934s] DEBUG:colcon.colcon_core.shell:Skip shell extension 'dsv' for command environment
[1.234s] INFO:colcon.colcon_core.task.python.build:Building Python package in '/home/vboxuser/ros2_ws_CS/src/forward_kinematics'
[1.236s] INFO:colcon.colcon_core.shell:Skip shell extension 'powershell' for command environment: Not usable outside of PowerShell
[1.236s] DEBUG:colcon.colcon_core.shell:Skip shell extension 'dsv' for command environment
[1.516s] INFO:colcon.colcon_core.task.python.build:Building Python package in '/home/vboxuser/ros2_ws_CS/src/inverse_kinematics'
[1.516s] INFO:colcon.colcon_core.shell:Skip shell extension 'powershell' for command environment: Not usable outside of PowerShell
[1.516s] DEBUG:colcon.colcon_core.shell:Skip shell extension 'dsv' for command environment
[1.822s] WARNING:colcon.colcon_ros.task.ament_python.build:Package 'serial_comm' doesn't explicitly install a marker in the package index (colcon-ros currently does it implicitly but that fallback will be removed in the future)
[1.822s] WARNING:colcon.colcon_ros.task.ament_python.build:Package 'serial_comm' doesn't explicitly install the 'package.xml' file (colcon-ros currently does it implicitly but that fallback will be removed in the future)
[1.823s] INFO:colcon.colcon_core.task.python.build:Building Python package in '/home/vboxuser/ros2_ws_CS/src/serial_comm'
[1.823s] INFO:colcon.colcon_core.shell:Skip shell extension 'powershell' for command environment: Not usable outside of PowerShell
[1.824s] DEBUG:colcon.colcon_core.shell:Skip shell extension 'dsv' for command environment
[2.418s] DEBUG:colcon.colcon_core.event_handler.log_command:Invoking command in '/home/vboxuser/ros2_ws_CS/src/basic_comm': PYTHONPATH=/home/vboxuser/ros2_ws_CS/build/basic_comm/prefix_override:/usr/lib/python3/dist-packages/colcon_core/task/python/colcon_distutils_commands:/home/vboxuser/ros2_ws_CS/install/basic_comm/lib/python3.10/site-packages:${PYTHONPATH} /usr/bin/python3 -W ignore:setup.py install is deprecated -W ignore:easy_install command is deprecated setup.py egg_info --egg-base ../../build/basic_comm build --build-base /home/vboxuser/ros2_ws_CS/build/basic_comm/build install --record /home/vboxuser/ros2_ws_CS/build/basic_comm/install.log --single-version-externally-managed install_data
[2.473s] DEBUG:colcon.colcon_core.event_handler.log_command:Invoking command in '/home/vboxuser/ros2_ws_CS/src/inverse_kinematics': PYTHONPATH=/home/vboxuser/ros2_ws_CS/build/inverse_kinematics/prefix_override:/usr/lib/python3/dist-packages/colcon_core/task/python/colcon_distutils_commands:/home/vboxuser/ros2_ws_CS/install/inverse_kinematics/lib/python3.10/site-packages:${PYTHONPATH} /usr/bin/python3 -W ignore:setup.py install is deprecated -W ignore:easy_install command is deprecated setup.py egg_info --egg-base ../../build/inverse_kinematics build --build-base /home/vboxuser/ros2_ws_CS/build/inverse_kinematics/build install --record /home/vboxuser/ros2_ws_CS/build/inverse_kinematics/install.log --single-version-externally-managed install_data
[2.488s] DEBUG:colcon.colcon_core.event_handler.log_command:Invoking command in '/home/vboxuser/ros2_ws_CS/src/forward_kinematics': PYTHONPATH=/home/vboxuser/ros2_ws_CS/build/forward_kinematics/prefix_override:/usr/lib/python3/dist-packages/colcon_core/task/python/colcon_distutils_commands:/home/vboxuser/ros2_ws_CS/install/forward_kinematics/lib/python3.10/site-packages:${PYTHONPATH} /usr/bin/python3 -W ignore:setup.py install is deprecated -W ignore:easy_install command is deprecated setup.py egg_info --egg-base ../../build/forward_kinematics build --build-base /home/vboxuser/ros2_ws_CS/build/forward_kinematics/build install --record /home/vboxuser/ros2_ws_CS/build/forward_kinematics/install.log --single-version-externally-managed install_data
[2.653s] DEBUG:colcon.colcon_core.event_handler.log_command:Invoking command in '/home/vboxuser/ros2_ws_CS/src/serial_comm': PYTHONPATH=/home/vboxuser/ros2_ws_CS/build/serial_comm/prefix_override:/usr/lib/python3/dist-packages/colcon_core/task/python/colcon_distutils_commands:/home/vboxuser/ros2_ws_CS/install/serial_comm/lib/python3.10/site-packages:${PYTHONPATH} /usr/bin/python3 -W ignore:setup.py install is deprecated -W ignore:easy_install command is deprecated setup.py egg_info --egg-base ../../build/serial_comm build --build-base /home/vboxuser/ros2_ws_CS/build/serial_comm/build install --record /home/vboxuser/ros2_ws_CS/build/serial_comm/install.log --single-version-externally-managed install_data
[2.864s] DEBUG:colcon.colcon_core.event_handler.log_command:Invoked command in '/home/vboxuser/ros2_ws_CS/src/basic_comm' returned '0': PYTHONPATH=/home/vboxuser/ros2_ws_CS/build/basic_comm/prefix_override:/usr/lib/python3/dist-packages/colcon_core/task/python/colcon_distutils_commands:/home/vboxuser/ros2_ws_CS/install/basic_comm/lib/python3.10/site-packages:${PYTHONPATH} /usr/bin/python3 -W ignore:setup.py install is deprecated -W ignore:easy_install command is deprecated setup.py egg_info --egg-base ../../build/basic_comm build --build-base /home/vboxuser/ros2_ws_CS/build/basic_comm/build install --record /home/vboxuser/ros2_ws_CS/build/basic_comm/install.log --single-version-externally-managed install_data
[2.874s] Level 1:colcon.colcon_core.environment:checking '/home/vboxuser/ros2_ws_CS/install/basic_comm' for CMake module files
[2.876s] Level 1:colcon.colcon_core.environment:checking '/home/vboxuser/ros2_ws_CS/install/basic_comm' for CMake config files
[2.877s] Level 1:colcon.colcon_core.environment:checking '/home/vboxuser/ros2_ws_CS/install/basic_comm/lib'
[2.877s] Level 1:colcon.colcon_core.environment:checking '/home/vboxuser/ros2_ws_CS/install/basic_comm/bin'
[2.877s] Level 1:colcon.colcon_core.environment:checking '/home/vboxuser/ros2_ws_CS/install/basic_comm/lib/pkgconfig/basic_comm.pc'
[2.878s] Level 1:colcon.colcon_core.environment:checking '/home/vboxuser/ros2_ws_CS/install/basic_comm/lib/python3.10/site-packages'
[2.878s] Level 1:colcon.colcon_core.shell:create_environment_hook('basic_comm', 'pythonpath')
[2.878s] INFO:colcon.colcon_core.shell:Creating environment hook '/home/vboxuser/ros2_ws_CS/install/basic_comm/share/basic_comm/hook/pythonpath.ps1'
[2.880s] INFO:colcon.colcon_core.shell:Creating environment descriptor '/home/vboxuser/ros2_ws_CS/install/basic_comm/share/basic_comm/hook/pythonpath.dsv'
[2.892s] INFO:colcon.colcon_core.shell:Creating environment hook '/home/vboxuser/ros2_ws_CS/install/basic_comm/share/basic_comm/hook/pythonpath.sh'
[2.894s] Level 1:colcon.colcon_core.environment:checking '/home/vboxuser/ros2_ws_CS/install/basic_comm/bin'
[2.894s] Level 1:colcon.colcon_core.environment:create_environment_scripts_only(basic_comm)
[2.894s] INFO:colcon.colcon_core.shell:Creating package script '/home/vboxuser/ros2_ws_CS/install/basic_comm/share/basic_comm/package.ps1'
[2.896s] INFO:colcon.colcon_core.shell:Creating package descriptor '/home/vboxuser/ros2_ws_CS/install/basic_comm/share/basic_comm/package.dsv'
[2.897s] INFO:colcon.colcon_core.shell:Creating package script '/home/vboxuser/ros2_ws_CS/install/basic_comm/share/basic_comm/package.sh'
[2.908s] INFO:colcon.colcon_core.shell:Creating package script '/home/vboxuser/ros2_ws_CS/install/basic_comm/share/basic_comm/package.bash'
[2.914s] INFO:colcon.colcon_core.shell:Creating package script '/home/vboxuser/ros2_ws_CS/install/basic_comm/share/basic_comm/package.zsh'
[2.932s] Level 1:colcon.colcon_core.environment:create_file_with_runtime_dependencies(/home/vboxuser/ros2_ws_CS/install/basic_comm/share/colcon-core/packages/basic_comm)
[2.967s] Level 1:colcon.colcon_core.environment:checking '/home/vboxuser/ros2_ws_CS/install/inverse_kinematics' for CMake module files
[2.969s] DEBUG:colcon.colcon_core.event_handler.log_command:Invoked command in '/home/vboxuser/ros2_ws_CS/src/inverse_kinematics' returned '0': PYTHONPATH=/home/vboxuser/ros2_ws_CS/build/inverse_kinematics/prefix_override:/usr/lib/python3/dist-packages/colcon_core/task/python/colcon_distutils_commands:/home/vboxuser/ros2_ws_CS/install/inverse_kinematics/lib/python3.10/site-packages:${PYTHONPATH} /usr/bin/python3 -W ignore:setup.py install is deprecated -W ignore:easy_install command is deprecated setup.py egg_info --egg-base ../../build/inverse_kinematics build --build-base /home/vboxuser/ros2_ws_CS/build/inverse_kinematics/build install --record /home/vboxuser/ros2_ws_CS/build/inverse_kinematics/install.log --single-version-externally-managed install_data
[2.976s] Level 1:colcon.colcon_core.environment:checking '/home/vboxuser/ros2_ws_CS/install/inverse_kinematics' for CMake config files
[2.978s] Level 1:colcon.colcon_core.environment:checking '/home/vboxuser/ros2_ws_CS/install/inverse_kinematics/lib'
[2.978s] Level 1:colcon.colcon_core.environment:checking '/home/vboxuser/ros2_ws_CS/install/inverse_kinematics/bin'
[2.978s] Level 1:colcon.colcon_core.environment:checking '/home/vboxuser/ros2_ws_CS/install/inverse_kinematics/lib/pkgconfig/inverse_kinematics.pc'
[2.979s] Level 1:colcon.colcon_core.environment:checking '/home/vboxuser/ros2_ws_CS/install/inverse_kinematics/lib/python3.10/site-packages'
[2.979s] Level 1:colcon.colcon_core.shell:create_environment_hook('inverse_kinematics', 'pythonpath')
[2.979s] INFO:colcon.colcon_core.shell:Creating environment hook '/home/vboxuser/ros2_ws_CS/install/inverse_kinematics/share/inverse_kinematics/hook/pythonpath.ps1'
[2.980s] INFO:colcon.colcon_core.shell:Creating environment descriptor '/home/vboxuser/ros2_ws_CS/install/inverse_kinematics/share/inverse_kinematics/hook/pythonpath.dsv'
[2.986s] INFO:colcon.colcon_core.shell:Creating environment hook '/home/vboxuser/ros2_ws_CS/install/inverse_kinematics/share/inverse_kinematics/hook/pythonpath.sh'
[2.988s] Level 1:colcon.colcon_core.environment:checking '/home/vboxuser/ros2_ws_CS/install/inverse_kinematics/bin'
[2.988s] Level 1:colcon.colcon_core.environment:create_environment_scripts_only(inverse_kinematics)
[2.989s] INFO:colcon.colcon_core.shell:Creating package script '/home/vboxuser/ros2_ws_CS/install/inverse_kinematics/share/inverse_kinematics/package.ps1'
[2.989s] INFO:colcon.colcon_core.shell:Creating package descriptor '/home/vboxuser/ros2_ws_CS/install/inverse_kinematics/share/inverse_kinematics/package.dsv'
[2.996s] INFO:colcon.colcon_core.shell:Creating package script '/home/vboxuser/ros2_ws_CS/install/inverse_kinematics/share/inverse_kinematics/package.sh'
[2.996s] INFO:colcon.colcon_core.shell:Creating package script '/home/vboxuser/ros2_ws_CS/install/inverse_kinematics/share/inverse_kinematics/package.bash'
[2.997s] INFO:colcon.colcon_core.shell:Creating package script '/home/vboxuser/ros2_ws_CS/install/inverse_kinematics/share/inverse_kinematics/package.zsh'
[2.998s] Level 1:colcon.colcon_core.environment:create_file_with_runtime_dependencies(/home/vboxuser/ros2_ws_CS/install/inverse_kinematics/share/colcon-core/packages/inverse_kinematics)
[3.007s] Level 1:colcon.colcon_core.environment:checking '/home/vboxuser/ros2_ws_CS/install/forward_kinematics' for CMake module files
[3.008s] Level 1:colcon.colcon_core.environment:checking '/home/vboxuser/ros2_ws_CS/install/forward_kinematics' for CMake config files
[3.008s] Level 1:colcon.colcon_core.environment:checking '/home/vboxuser/ros2_ws_CS/install/forward_kinematics/lib'
[3.008s] Level 1:colcon.colcon_core.environment:checking '/home/vboxuser/ros2_ws_CS/install/forward_kinematics/bin'
[3.008s] Level 1:colcon.colcon_core.environment:checking '/home/vboxuser/ros2_ws_CS/install/forward_kinematics/lib/pkgconfig/forward_kinematics.pc'
[3.008s] Level 1:colcon.colcon_core.environment:checking '/home/vboxuser/ros2_ws_CS/install/forward_kinematics/lib/python3.10/site-packages'
[3.008s] Level 1:colcon.colcon_core.shell:create_environment_hook('forward_kinematics', 'pythonpath')
[3.009s] INFO:colcon.colcon_core.shell:Creating environment hook '/home/vboxuser/ros2_ws_CS/install/forward_kinematics/share/forward_kinematics/hook/pythonpath.ps1'
[3.009s] INFO:colcon.colcon_core.shell:Creating environment descriptor '/home/vboxuser/ros2_ws_CS/install/forward_kinematics/share/forward_kinematics/hook/pythonpath.dsv'
[3.010s] INFO:colcon.colcon_core.shell:Creating environment hook '/home/vboxuser/ros2_ws_CS/install/forward_kinematics/share/forward_kinematics/hook/pythonpath.sh'
[3.011s] Level 1:colcon.colcon_core.environment:checking '/home/vboxuser/ros2_ws_CS/install/forward_kinematics/bin'
[3.011s] Level 1:colcon.colcon_core.environment:create_environment_scripts_only(forward_kinematics)
[3.011s] INFO:colcon.colcon_core.shell:Creating package script '/home/vboxuser/ros2_ws_CS/install/forward_kinematics/share/forward_kinematics/package.ps1'
[3.011s] INFO:colcon.colcon_core.shell:Creating package descriptor '/home/vboxuser/ros2_ws_CS/install/forward_kinematics/share/forward_kinematics/package.dsv'
[3.012s] INFO:colcon.colcon_core.shell:Creating package script '/home/vboxuser/ros2_ws_CS/install/forward_kinematics/share/forward_kinematics/package.sh'
[3.013s] INFO:colcon.colcon_core.shell:Creating package script '/home/vboxuser/ros2_ws_CS/install/forward_kinematics/share/forward_kinematics/package.bash'
[3.014s] INFO:colcon.colcon_core.shell:Creating package script '/home/vboxuser/ros2_ws_CS/install/forward_kinematics/share/forward_kinematics/package.zsh'
[3.014s] Level 1:colcon.colcon_core.environment:create_file_with_runtime_dependencies(/home/vboxuser/ros2_ws_CS/install/forward_kinematics/share/colcon-core/packages/forward_kinematics)
[3.019s] DEBUG:colcon.colcon_core.event_handler.log_command:Invoked command in '/home/vboxuser/ros2_ws_CS/src/forward_kinematics' returned '0': PYTHONPATH=/home/vboxuser/ros2_ws_CS/build/forward_kinematics/prefix_override:/usr/lib/python3/dist-packages/colcon_core/task/python/colcon_distutils_commands:/home/vboxuser/ros2_ws_CS/install/forward_kinematics/lib/python3.10/site-packages:${PYTHONPATH} /usr/bin/python3 -W ignore:setup.py install is deprecated -W ignore:easy_install command is deprecated setup.py egg_info --egg-base ../../build/forward_kinematics build --build-base /home/vboxuser/ros2_ws_CS/build/forward_kinematics/build install --record /home/vboxuser/ros2_ws_CS/build/forward_kinematics/install.log --single-version-externally-managed install_data
[3.150s] Level 1:colcon.colcon_core.environment:checking '/home/vboxuser/ros2_ws_CS/install/serial_comm' for CMake module files
[3.152s] DEBUG:colcon.colcon_core.event_handler.log_command:Invoked command in '/home/vboxuser/ros2_ws_CS/src/serial_comm' returned '0': PYTHONPATH=/home/vboxuser/ros2_ws_CS/build/serial_comm/prefix_override:/usr/lib/python3/dist-packages/colcon_core/task/python/colcon_distutils_commands:/home/vboxuser/ros2_ws_CS/install/serial_comm/lib/python3.10/site-packages:${PYTHONPATH} /usr/bin/python3 -W ignore:setup.py install is deprecated -W ignore:easy_install command is deprecated setup.py egg_info --egg-base ../../build/serial_comm build --build-base /home/vboxuser/ros2_ws_CS/build/serial_comm/build install --record /home/vboxuser/ros2_ws_CS/build/serial_comm/install.log --single-version-externally-managed install_data
[3.153s] Level 1:colcon.colcon_core.environment:checking '/home/vboxuser/ros2_ws_CS/install/serial_comm' for CMake config files
[3.154s] Level 1:colcon.colcon_core.environment:checking '/home/vboxuser/ros2_ws_CS/install/serial_comm/lib'
[3.154s] Level 1:colcon.colcon_core.environment:checking '/home/vboxuser/ros2_ws_CS/install/serial_comm/bin'
[3.155s] Level 1:colcon.colcon_core.environment:checking '/home/vboxuser/ros2_ws_CS/install/serial_comm/lib/pkgconfig/serial_comm.pc'
[3.155s] Level 1:colcon.colcon_core.environment:checking '/home/vboxuser/ros2_ws_CS/install/serial_comm/lib/python3.10/site-packages'
[3.155s] Level 1:colcon.colcon_core.shell:create_environment_hook('serial_comm', 'pythonpath')
[3.155s] INFO:colcon.colcon_core.shell:Creating environment hook '/home/vboxuser/ros2_ws_CS/install/serial_comm/share/serial_comm/hook/pythonpath.ps1'
[3.158s] INFO:colcon.colcon_core.shell:Creating environment descriptor '/home/vboxuser/ros2_ws_CS/install/serial_comm/share/serial_comm/hook/pythonpath.dsv'
[3.159s] INFO:colcon.colcon_core.shell:Creating environment hook '/home/vboxuser/ros2_ws_CS/install/serial_comm/share/serial_comm/hook/pythonpath.sh'
[3.165s] Level 1:colcon.colcon_core.environment:checking '/home/vboxuser/ros2_ws_CS/install/serial_comm/bin'
[3.167s] Level 1:colcon.colcon_core.environment:create_environment_scripts_only(serial_comm)
[3.168s] INFO:colcon.colcon_core.shell:Creating package script '/home/vboxuser/ros2_ws_CS/install/serial_comm/share/serial_comm/package.ps1'
[3.170s] INFO:colcon.colcon_core.shell:Creating package descriptor '/home/vboxuser/ros2_ws_CS/install/serial_comm/share/serial_comm/package.dsv'
[3.171s] INFO:colcon.colcon_core.shell:Creating package script '/home/vboxuser/ros2_ws_CS/install/serial_comm/share/serial_comm/package.sh'
[3.172s] INFO:colcon.colcon_core.shell:Creating package script '/home/vboxuser/ros2_ws_CS/install/serial_comm/share/serial_comm/package.bash'
[3.172s] INFO:colcon.colcon_core.shell:Creating package script '/home/vboxuser/ros2_ws_CS/install/serial_comm/share/serial_comm/package.zsh'
[3.173s] Level 1:colcon.colcon_core.environment:create_file_with_runtime_dependencies(/home/vboxuser/ros2_ws_CS/install/serial_comm/share/colcon-core/packages/serial_comm)
[3.174s] DEBUG:colcon.colcon_parallel_executor.executor.parallel:closing loop
[3.174s] DEBUG:colcon.colcon_parallel_executor.executor.parallel:loop closed
[3.174s] DEBUG:colcon.colcon_parallel_executor.executor.parallel:run_until_complete finished with '0'
[3.174s] DEBUG:colcon.colcon_core.event_reactor:joining thread
[3.187s] INFO:colcon.colcon_core.plugin_system:Skipping extension 'colcon_notification.desktop_notification.terminal_notifier': Not used on non-Darwin systems
[3.187s] INFO:colcon.colcon_core.plugin_system:Skipping extension 'colcon_notification.desktop_notification.win32': Not used on non-Windows systems
[3.187s] INFO:colcon.colcon_notification.desktop_notification:Sending desktop notification using 'notify2'
[3.295s] DEBUG:colcon.colcon_core.event_reactor:joined thread
[3.296s] INFO:colcon.colcon_core.shell:Creating prefix script '/home/vboxuser/ros2_ws_CS/install/local_setup.ps1'
[3.297s] INFO:colcon.colcon_core.shell:Creating prefix util module '/home/vboxuser/ros2_ws_CS/install/_local_setup_util_ps1.py'
[3.302s] INFO:colcon.colcon_core.shell:Creating prefix chain script '/home/vboxuser/ros2_ws_CS/install/setup.ps1'
[3.317s] INFO:colcon.colcon_core.shell:Creating prefix script '/home/vboxuser/ros2_ws_CS/install/local_setup.sh'
[3.318s] INFO:colcon.colcon_core.shell:Creating prefix util module '/home/vboxuser/ros2_ws_CS/install/_local_setup_util_sh.py'
[3.320s] INFO:colcon.colcon_core.shell:Creating prefix chain script '/home/vboxuser/ros2_ws_CS/install/setup.sh'
[3.334s] INFO:colcon.colcon_core.shell:Creating prefix script '/home/vboxuser/ros2_ws_CS/install/local_setup.bash'
[3.336s] INFO:colcon.colcon_core.shell:Creating prefix chain script '/home/vboxuser/ros2_ws_CS/install/setup.bash'
[3.338s] INFO:colcon.colcon_core.shell:Creating prefix script '/home/vboxuser/ros2_ws_CS/install/local_setup.zsh'
[3.339s] INFO:colcon.colcon_core.shell:Creating prefix chain script '/home/vboxuser/ros2_ws_CS/install/setup.zsh'
