running egg_info
creating ../../build/forward_kinematics/forward_kinematics.egg-info
writing ../../build/forward_kinematics/forward_kinematics.egg-info/PKG-INFO
writing dependency_links to ../../build/forward_kinematics/forward_kinematics.egg-info/dependency_links.txt
writing entry points to ../../build/forward_kinematics/forward_kinematics.egg-info/entry_points.txt
writing requirements to ../../build/forward_kinematics/forward_kinematics.egg-info/requires.txt
writing top-level names to ../../build/forward_kinematics/forward_kinematics.egg-info/top_level.txt
writing manifest file '../../build/forward_kinematics/forward_kinematics.egg-info/SOURCES.txt'
reading manifest file '../../build/forward_kinematics/forward_kinematics.egg-info/SOURCES.txt'
writing manifest file '../../build/forward_kinematics/forward_kinematics.egg-info/SOURCES.txt'
running build
running build_py
creating /home/vboxuser/ros2_ws_CS/build/forward_kinematics/build
creating /home/vboxuser/ros2_ws_CS/build/forward_kinematics/build/lib
creating /home/vboxuser/ros2_ws_CS/build/forward_kinematics/build/lib/forward_kinematics
copying forward_kinematics/fk_node.py -> /home/vboxuser/ros2_ws_CS/build/forward_kinematics/build/lib/forward_kinematics
copying forward_kinematics/__init__.py -> /home/vboxuser/ros2_ws_CS/build/forward_kinematics/build/lib/forward_kinematics
running install
running install_lib
creating /home/vboxuser/ros2_ws_CS/install/forward_kinematics/lib/python3.10/site-packages/forward_kinematics
copying /home/vboxuser/ros2_ws_CS/build/forward_kinematics/build/lib/forward_kinematics/fk_node.py -> /home/vboxuser/ros2_ws_CS/install/forward_kinematics/lib/python3.10/site-packages/forward_kinematics
copying /home/vboxuser/ros2_ws_CS/build/forward_kinematics/build/lib/forward_kinematics/__init__.py -> /home/vboxuser/ros2_ws_CS/install/forward_kinematics/lib/python3.10/site-packages/forward_kinematics
byte-compiling /home/vboxuser/ros2_ws_CS/install/forward_kinematics/lib/python3.10/site-packages/forward_kinematics/fk_node.py to fk_node.cpython-310.pyc
byte-compiling /home/vboxuser/ros2_ws_CS/install/forward_kinematics/lib/python3.10/site-packages/forward_kinematics/__init__.py to __init__.cpython-310.pyc
running install_data
creating /home/vboxuser/ros2_ws_CS/install/forward_kinematics/share/ament_index
creating /home/vboxuser/ros2_ws_CS/install/forward_kinematics/share/ament_index/resource_index
creating /home/vboxuser/ros2_ws_CS/install/forward_kinematics/share/ament_index/resource_index/packages
copying resource/forward_kinematics -> /home/vboxuser/ros2_ws_CS/install/forward_kinematics/share/ament_index/resource_index/packages
copying package.xml -> /home/vboxuser/ros2_ws_CS/install/forward_kinematics/share/forward_kinematics
running install_egg_info
Copying ../../build/forward_kinematics/forward_kinematics.egg-info to /home/vboxuser/ros2_ws_CS/install/forward_kinematics/lib/python3.10/site-packages/forward_kinematics-0.0.0-py3.10.egg-info
running install_scripts
Installing fk_node script to /home/vboxuser/ros2_ws_CS/install/forward_kinematics/lib/forward_kinematics
writing list of installed files to '/home/vboxuser/ros2_ws_CS/build/forward_kinematics/install.log'
