[2.023s] Invoking command in '/home/vboxuser/ros2_ws_CS/src/forward_kinematics': PYTHONPATH=/home/vboxuser/ros2_ws_CS/build/forward_kinematics/prefix_override:/usr/lib/python3/dist-packages/colcon_core/task/python/colcon_distutils_commands:/home/vboxuser/ros2_ws_CS/install/forward_kinematics/lib/python3.10/site-packages:${PYTHONPATH} /usr/bin/python3 -W ignore:setup.py install is deprecated -W ignore:easy_install command is deprecated setup.py egg_info --egg-base ../../build/forward_kinematics build --build-base /home/vboxuser/ros2_ws_CS/build/forward_kinematics/build install --record /home/vboxuser/ros2_ws_CS/build/forward_kinematics/install.log --single-version-externally-managed install_data
[2.397s] running egg_info
[2.397s] creating ../../build/forward_kinematics/forward_kinematics.egg-info
[2.397s] writing ../../build/forward_kinematics/forward_kinematics.egg-info/PKG-INFO
[2.397s] writing dependency_links to ../../build/forward_kinematics/forward_kinematics.egg-info/dependency_links.txt
[2.397s] writing entry points to ../../build/forward_kinematics/forward_kinematics.egg-info/entry_points.txt
[2.398s] writing requirements to ../../build/forward_kinematics/forward_kinematics.egg-info/requires.txt
[2.398s] writing top-level names to ../../build/forward_kinematics/forward_kinematics.egg-info/top_level.txt
[2.398s] writing manifest file '../../build/forward_kinematics/forward_kinematics.egg-info/SOURCES.txt'
[2.398s] reading manifest file '../../build/forward_kinematics/forward_kinematics.egg-info/SOURCES.txt'
[2.398s] writing manifest file '../../build/forward_kinematics/forward_kinematics.egg-info/SOURCES.txt'
[2.398s] running build
[2.398s] running build_py
[2.398s] creating /home/vboxuser/ros2_ws_CS/build/forward_kinematics/build
[2.398s] creating /home/vboxuser/ros2_ws_CS/build/forward_kinematics/build/lib
[2.418s] creating /home/vboxuser/ros2_ws_CS/build/forward_kinematics/build/lib/forward_kinematics
[2.418s] copying forward_kinematics/fk_node.py -> /home/vboxuser/ros2_ws_CS/build/forward_kinematics/build/lib/forward_kinematics
[2.418s] copying forward_kinematics/__init__.py -> /home/vboxuser/ros2_ws_CS/build/forward_kinematics/build/lib/forward_kinematics
[2.419s] running install
[2.419s] running install_lib
[2.419s] creating /home/vboxuser/ros2_ws_CS/install/forward_kinematics/lib/python3.10/site-packages/forward_kinematics
[2.420s] copying /home/vboxuser/ros2_ws_CS/build/forward_kinematics/build/lib/forward_kinematics/fk_node.py -> /home/vboxuser/ros2_ws_CS/install/forward_kinematics/lib/python3.10/site-packages/forward_kinematics
[2.420s] copying /home/vboxuser/ros2_ws_CS/build/forward_kinematics/build/lib/forward_kinematics/__init__.py -> /home/vboxuser/ros2_ws_CS/install/forward_kinematics/lib/python3.10/site-packages/forward_kinematics
[2.420s] byte-compiling /home/vboxuser/ros2_ws_CS/install/forward_kinematics/lib/python3.10/site-packages/forward_kinematics/fk_node.py to fk_node.cpython-310.pyc
[2.421s] byte-compiling /home/vboxuser/ros2_ws_CS/install/forward_kinematics/lib/python3.10/site-packages/forward_kinematics/__init__.py to __init__.cpython-310.pyc
[2.422s] running install_data
[2.422s] creating /home/vboxuser/ros2_ws_CS/install/forward_kinematics/share/ament_index
[2.422s] creating /home/vboxuser/ros2_ws_CS/install/forward_kinematics/share/ament_index/resource_index
[2.422s] creating /home/vboxuser/ros2_ws_CS/install/forward_kinematics/share/ament_index/resource_index/packages
[2.423s] copying resource/forward_kinematics -> /home/vboxuser/ros2_ws_CS/install/forward_kinematics/share/ament_index/resource_index/packages
[2.423s] copying package.xml -> /home/vboxuser/ros2_ws_CS/install/forward_kinematics/share/forward_kinematics
[2.424s] running install_egg_info
[2.424s] Copying ../../build/forward_kinematics/forward_kinematics.egg-info to /home/vboxuser/ros2_ws_CS/install/forward_kinematics/lib/python3.10/site-packages/forward_kinematics-0.0.0-py3.10.egg-info
[2.425s] running install_scripts
[2.425s] Installing fk_node script to /home/vboxuser/ros2_ws_CS/install/forward_kinematics/lib/forward_kinematics
[2.425s] writing list of installed files to '/home/vboxuser/ros2_ws_CS/build/forward_kinematics/install.log'
[2.554s] Invoked command in '/home/vboxuser/ros2_ws_CS/src/forward_kinematics' returned '0': PYTHONPATH=/home/vboxuser/ros2_ws_CS/build/forward_kinematics/prefix_override:/usr/lib/python3/dist-packages/colcon_core/task/python/colcon_distutils_commands:/home/vboxuser/ros2_ws_CS/install/forward_kinematics/lib/python3.10/site-packages:${PYTHONPATH} /usr/bin/python3 -W ignore:setup.py install is deprecated -W ignore:easy_install command is deprecated setup.py egg_info --egg-base ../../build/forward_kinematics build --build-base /home/vboxuser/ros2_ws_CS/build/forward_kinematics/build install --record /home/vboxuser/ros2_ws_CS/build/forward_kinematics/install.log --single-version-externally-managed install_data
