[2.195s] Invoking command in '/home/vboxuser/ros2_ws_CS/src/basic_comm': PYTHONPATH=/home/vboxuser/ros2_ws_CS/build/basic_comm/prefix_override:/usr/lib/python3/dist-packages/colcon_core/task/python/colcon_distutils_commands:/home/vboxuser/ros2_ws_CS/install/basic_comm/lib/python3.10/site-packages:${PYTHONPATH} /usr/bin/python3 -W ignore:setup.py install is deprecated -W ignore:easy_install command is deprecated setup.py egg_info --egg-base ../../build/basic_comm build --build-base /home/vboxuser/ros2_ws_CS/build/basic_comm/build install --record /home/vboxuser/ros2_ws_CS/build/basic_comm/install.log --single-version-externally-managed install_data
[2.487s] running egg_info
[2.487s] writing ../../build/basic_comm/basic_comm.egg-info/PKG-INFO
[2.487s] writing dependency_links to ../../build/basic_comm/basic_comm.egg-info/dependency_links.txt
[2.491s] writing entry points to ../../build/basic_comm/basic_comm.egg-info/entry_points.txt
[2.491s] writing requirements to ../../build/basic_comm/basic_comm.egg-info/requires.txt
[2.491s] writing top-level names to ../../build/basic_comm/basic_comm.egg-info/top_level.txt
[2.508s] reading manifest file '../../build/basic_comm/basic_comm.egg-info/SOURCES.txt'
[2.508s] writing manifest file '../../build/basic_comm/basic_comm.egg-info/SOURCES.txt'
[2.508s] running build
[2.508s] running build_py
[2.508s] copying basic_comm/talker.py -> /home/vboxuser/ros2_ws_CS/build/basic_comm/build/lib/basic_comm
[2.509s] copying basic_comm/listener.py -> /home/vboxuser/ros2_ws_CS/build/basic_comm/build/lib/basic_comm
[2.509s] running install
[2.509s] running install_lib
[2.509s] copying /home/vboxuser/ros2_ws_CS/build/basic_comm/build/lib/basic_comm/talker.py -> /home/vboxuser/ros2_ws_CS/install/basic_comm/lib/python3.10/site-packages/basic_comm
[2.509s] copying /home/vboxuser/ros2_ws_CS/build/basic_comm/build/lib/basic_comm/listener.py -> /home/vboxuser/ros2_ws_CS/install/basic_comm/lib/python3.10/site-packages/basic_comm
[2.509s] byte-compiling /home/vboxuser/ros2_ws_CS/install/basic_comm/lib/python3.10/site-packages/basic_comm/talker.py to talker.cpython-310.pyc
[2.518s] byte-compiling /home/vboxuser/ros2_ws_CS/install/basic_comm/lib/python3.10/site-packages/basic_comm/listener.py to listener.cpython-310.pyc
[2.518s] running install_data
[2.518s] copying package.xml -> /home/vboxuser/ros2_ws_CS/install/basic_comm/share/basic_comm
[2.518s] running install_egg_info
[2.551s] removing '/home/vboxuser/ros2_ws_CS/install/basic_comm/lib/python3.10/site-packages/basic_comm-0.0.0-py3.10.egg-info' (and everything under it)
[2.551s] Copying ../../build/basic_comm/basic_comm.egg-info to /home/vboxuser/ros2_ws_CS/install/basic_comm/lib/python3.10/site-packages/basic_comm-0.0.0-py3.10.egg-info
[2.551s] running install_scripts
[2.551s] Installing listener script to /home/vboxuser/ros2_ws_CS/install/basic_comm/lib/basic_comm
[2.572s] Installing talker script to /home/vboxuser/ros2_ws_CS/install/basic_comm/lib/basic_comm
[2.573s] writing list of installed files to '/home/vboxuser/ros2_ws_CS/build/basic_comm/install.log'
[2.615s] Invoked command in '/home/vboxuser/ros2_ws_CS/src/basic_comm' returned '0': PYTHONPATH=/home/vboxuser/ros2_ws_CS/build/basic_comm/prefix_override:/usr/lib/python3/dist-packages/colcon_core/task/python/colcon_distutils_commands:/home/vboxuser/ros2_ws_CS/install/basic_comm/lib/python3.10/site-packages:${PYTHONPATH} /usr/bin/python3 -W ignore:setup.py install is deprecated -W ignore:easy_install command is deprecated setup.py egg_info --egg-base ../../build/basic_comm build --build-base /home/vboxuser/ros2_ws_CS/build/basic_comm/build install --record /home/vboxuser/ros2_ws_CS/build/basic_comm/install.log --single-version-externally-managed install_data
