[1.545s] Invoking command in '/home/vboxuser/ros2_ws_CS/src/serial_comm': PYTHONPATH=/home/vboxuser/ros2_ws_CS/src/build/serial_comm/prefix_override:/usr/lib/python3/dist-packages/colcon_core/task/python/colcon_distutils_commands:/home/vboxuser/ros2_ws_CS/src/install/serial_comm/lib/python3.10/site-packages:${PYTHONPATH} /usr/bin/python3 -W ignore:setup.py install is deprecated -W ignore:easy_install command is deprecated setup.py egg_info --egg-base ../build/serial_comm build --build-base /home/vboxuser/ros2_ws_CS/src/build/serial_comm/build install --record /home/vboxuser/ros2_ws_CS/src/build/serial_comm/install.log --single-version-externally-managed install_data
[1.943s] running egg_info
[1.944s] writing ../build/serial_comm/serial_comm.egg-info/PKG-INFO
[1.944s] writing dependency_links to ../build/serial_comm/serial_comm.egg-info/dependency_links.txt
[1.944s] writing entry points to ../build/serial_comm/serial_comm.egg-info/entry_points.txt
[1.944s] writing requirements to ../build/serial_comm/serial_comm.egg-info/requires.txt
[1.944s] writing top-level names to ../build/serial_comm/serial_comm.egg-info/top_level.txt
[1.944s] reading manifest file '../build/serial_comm/serial_comm.egg-info/SOURCES.txt'
[1.944s] writing manifest file '../build/serial_comm/serial_comm.egg-info/SOURCES.txt'
[1.944s] running build
[1.944s] running build_py
[1.944s] running install
[1.944s] running install_lib
[1.944s] running install_data
[1.945s] running install_egg_info
[1.945s] removing '/home/vboxuser/ros2_ws_CS/src/install/serial_comm/lib/python3.10/site-packages/serial_comm-0.0.0-py3.10.egg-info' (and everything under it)
[1.945s] Copying ../build/serial_comm/serial_comm.egg-info to /home/vboxuser/ros2_ws_CS/src/install/serial_comm/lib/python3.10/site-packages/serial_comm-0.0.0-py3.10.egg-info
[1.945s] running install_scripts
[1.964s] Installing serial_node script to /home/vboxuser/ros2_ws_CS/src/install/serial_comm/lib/serial_comm
[1.964s] Installing user_input_node script to /home/vboxuser/ros2_ws_CS/src/install/serial_comm/lib/serial_comm
[1.965s] writing list of installed files to '/home/vboxuser/ros2_ws_CS/src/build/serial_comm/install.log'
[2.030s] Invoked command in '/home/vboxuser/ros2_ws_CS/src/serial_comm' returned '0': PYTHONPATH=/home/vboxuser/ros2_ws_CS/src/build/serial_comm/prefix_override:/usr/lib/python3/dist-packages/colcon_core/task/python/colcon_distutils_commands:/home/vboxuser/ros2_ws_CS/src/install/serial_comm/lib/python3.10/site-packages:${PYTHONPATH} /usr/bin/python3 -W ignore:setup.py install is deprecated -W ignore:easy_install command is deprecated setup.py egg_info --egg-base ../build/serial_comm build --build-base /home/vboxuser/ros2_ws_CS/src/build/serial_comm/build install --record /home/vboxuser/ros2_ws_CS/src/build/serial_comm/install.log --single-version-externally-managed install_data
