[2.167s] Invoking command in '/home/vboxuser/ros2_ws_CS/src/forward_kinematics': PYTHONPATH=/home/vboxuser/ros2_ws_CS/build/forward_kinematics/prefix_override:/usr/lib/python3/dist-packages/colcon_core/task/python/colcon_distutils_commands:/home/vboxuser/ros2_ws_CS/install/forward_kinematics/lib/python3.10/site-packages:${PYTHONPATH} /usr/bin/python3 -W ignore:setup.py install is deprecated -W ignore:easy_install command is deprecated setup.py egg_info --egg-base ../../build/forward_kinematics build --build-base /home/vboxuser/ros2_ws_CS/build/forward_kinematics/build install --record /home/vboxuser/ros2_ws_CS/build/forward_kinematics/install.log --single-version-externally-managed install_data
[2.410s] running egg_info
[2.410s] writing ../../build/forward_kinematics/forward_kinematics.egg-info/PKG-INFO
[2.410s] writing dependency_links to ../../build/forward_kinematics/forward_kinematics.egg-info/dependency_links.txt
[2.410s] writing entry points to ../../build/forward_kinematics/forward_kinematics.egg-info/entry_points.txt
[2.417s] writing requirements to ../../build/forward_kinematics/forward_kinematics.egg-info/requires.txt
[2.419s] writing top-level names to ../../build/forward_kinematics/forward_kinematics.egg-info/top_level.txt
[2.430s] reading manifest file '../../build/forward_kinematics/forward_kinematics.egg-info/SOURCES.txt'
[2.440s] writing manifest file '../../build/forward_kinematics/forward_kinematics.egg-info/SOURCES.txt'
[2.440s] running build
[2.440s] running build_py
[2.447s] copying forward_kinematics/fk_node.py -> /home/vboxuser/ros2_ws_CS/build/forward_kinematics/build/lib/forward_kinematics
[2.448s] running install
[2.448s] running install_lib
[2.451s] copying /home/vboxuser/ros2_ws_CS/build/forward_kinematics/build/lib/forward_kinematics/fk_node.py -> /home/vboxuser/ros2_ws_CS/install/forward_kinematics/lib/python3.10/site-packages/forward_kinematics
[2.461s] byte-compiling /home/vboxuser/ros2_ws_CS/install/forward_kinematics/lib/python3.10/site-packages/forward_kinematics/fk_node.py to fk_node.cpython-310.pyc
[2.461s] running install_data
[2.461s] running install_egg_info
[2.465s] removing '/home/vboxuser/ros2_ws_CS/install/forward_kinematics/lib/python3.10/site-packages/forward_kinematics-0.0.0-py3.10.egg-info' (and everything under it)
[2.466s] Copying ../../build/forward_kinematics/forward_kinematics.egg-info to /home/vboxuser/ros2_ws_CS/install/forward_kinematics/lib/python3.10/site-packages/forward_kinematics-0.0.0-py3.10.egg-info
[2.469s] running install_scripts
[2.526s] Installing fk_node script to /home/vboxuser/ros2_ws_CS/install/forward_kinematics/lib/forward_kinematics
[2.526s] writing list of installed files to '/home/vboxuser/ros2_ws_CS/build/forward_kinematics/install.log'
[2.694s] Invoked command in '/home/vboxuser/ros2_ws_CS/src/forward_kinematics' returned '0': PYTHONPATH=/home/vboxuser/ros2_ws_CS/build/forward_kinematics/prefix_override:/usr/lib/python3/dist-packages/colcon_core/task/python/colcon_distutils_commands:/home/vboxuser/ros2_ws_CS/install/forward_kinematics/lib/python3.10/site-packages:${PYTHONPATH} /usr/bin/python3 -W ignore:setup.py install is deprecated -W ignore:easy_install command is deprecated setup.py egg_info --egg-base ../../build/forward_kinematics build --build-base /home/vboxuser/ros2_ws_CS/build/forward_kinematics/build install --record /home/vboxuser/ros2_ws_CS/build/forward_kinematics/install.log --single-version-externally-managed install_data
