[2.769s] Invoking command in '/home/vboxuser/ros2_ws_CS/src/basic_comm': PYTHONPATH=/home/vboxuser/ros2_ws_CS/src/build/basic_comm/prefix_override:/usr/lib/python3/dist-packages/colcon_core/task/python/colcon_distutils_commands:/home/vboxuser/ros2_ws_CS/src/install/basic_comm/lib/python3.10/site-packages:${PYTHONPATH} /usr/bin/python3 -W ignore:setup.py install is deprecated -W ignore:easy_install command is deprecated setup.py egg_info --egg-base ../build/basic_comm build --build-base /home/vboxuser/ros2_ws_CS/src/build/basic_comm/build install --record /home/vboxuser/ros2_ws_CS/src/build/basic_comm/install.log --single-version-externally-managed install_data
[3.295s] running egg_info
[3.295s] creating ../build/basic_comm/basic_comm.egg-info
[3.295s] writing ../build/basic_comm/basic_comm.egg-info/PKG-INFO
[3.296s] writing dependency_links to ../build/basic_comm/basic_comm.egg-info/dependency_links.txt
[3.297s] writing entry points to ../build/basic_comm/basic_comm.egg-info/entry_points.txt
[3.299s] writing requirements to ../build/basic_comm/basic_comm.egg-info/requires.txt
[3.301s] writing top-level names to ../build/basic_comm/basic_comm.egg-info/top_level.txt
[3.301s] writing manifest file '../build/basic_comm/basic_comm.egg-info/SOURCES.txt'
[3.303s] reading manifest file '../build/basic_comm/basic_comm.egg-info/SOURCES.txt'
[3.308s] writing manifest file '../build/basic_comm/basic_comm.egg-info/SOURCES.txt'
[3.319s] running build
[3.319s] running build_py
[3.319s] creating /home/vboxuser/ros2_ws_CS/src/build/basic_comm/build
[3.319s] creating /home/vboxuser/ros2_ws_CS/src/build/basic_comm/build/lib
[3.319s] creating /home/vboxuser/ros2_ws_CS/src/build/basic_comm/build/lib/basic_comm
[3.319s] copying basic_comm/talker.py -> /home/vboxuser/ros2_ws_CS/src/build/basic_comm/build/lib/basic_comm
[3.320s] copying basic_comm/listener.py -> /home/vboxuser/ros2_ws_CS/src/build/basic_comm/build/lib/basic_comm
[3.320s] copying basic_comm/__init__.py -> /home/vboxuser/ros2_ws_CS/src/build/basic_comm/build/lib/basic_comm
[3.320s] running install
[3.320s] running install_lib
[3.320s] creating /home/vboxuser/ros2_ws_CS/src/install/basic_comm/lib/python3.10/site-packages/basic_comm
[3.320s] copying /home/vboxuser/ros2_ws_CS/src/build/basic_comm/build/lib/basic_comm/talker.py -> /home/vboxuser/ros2_ws_CS/src/install/basic_comm/lib/python3.10/site-packages/basic_comm
[3.320s] copying /home/vboxuser/ros2_ws_CS/src/build/basic_comm/build/lib/basic_comm/listener.py -> /home/vboxuser/ros2_ws_CS/src/install/basic_comm/lib/python3.10/site-packages/basic_comm
[3.320s] copying /home/vboxuser/ros2_ws_CS/src/build/basic_comm/build/lib/basic_comm/__init__.py -> /home/vboxuser/ros2_ws_CS/src/install/basic_comm/lib/python3.10/site-packages/basic_comm
[3.320s] byte-compiling /home/vboxuser/ros2_ws_CS/src/install/basic_comm/lib/python3.10/site-packages/basic_comm/talker.py to talker.cpython-310.pyc
[3.320s] byte-compiling /home/vboxuser/ros2_ws_CS/src/install/basic_comm/lib/python3.10/site-packages/basic_comm/listener.py to listener.cpython-310.pyc
[3.320s] byte-compiling /home/vboxuser/ros2_ws_CS/src/install/basic_comm/lib/python3.10/site-packages/basic_comm/__init__.py to __init__.cpython-310.pyc
[3.320s] running install_data
[3.320s] copying package.xml -> /home/vboxuser/ros2_ws_CS/src/install/basic_comm/share/basic_comm
[3.320s] running install_egg_info
[3.370s] Copying ../build/basic_comm/basic_comm.egg-info to /home/vboxuser/ros2_ws_CS/src/install/basic_comm/lib/python3.10/site-packages/basic_comm-0.0.0-py3.10.egg-info
[3.376s] running install_scripts
[3.466s] Installing listener script to /home/vboxuser/ros2_ws_CS/src/install/basic_comm/lib/basic_comm
[3.466s] Installing talker script to /home/vboxuser/ros2_ws_CS/src/install/basic_comm/lib/basic_comm
[3.467s] writing list of installed files to '/home/vboxuser/ros2_ws_CS/src/build/basic_comm/install.log'
[3.598s] Invoked command in '/home/vboxuser/ros2_ws_CS/src/basic_comm' returned '0': PYTHONPATH=/home/vboxuser/ros2_ws_CS/src/build/basic_comm/prefix_override:/usr/lib/python3/dist-packages/colcon_core/task/python/colcon_distutils_commands:/home/vboxuser/ros2_ws_CS/src/install/basic_comm/lib/python3.10/site-packages:${PYTHONPATH} /usr/bin/python3 -W ignore:setup.py install is deprecated -W ignore:easy_install command is deprecated setup.py egg_info --egg-base ../build/basic_comm build --build-base /home/vboxuser/ros2_ws_CS/src/build/basic_comm/build install --record /home/vboxuser/ros2_ws_CS/src/build/basic_comm/install.log --single-version-externally-managed install_data
