[3.098s] Invoking command in '/home/vboxuser/ros2_ws_CS/src/inverse_kinematics': PYTHONPATH=/home/vboxuser/ros2_ws_CS/src/build/inverse_kinematics/prefix_override:/usr/lib/python3/dist-packages/colcon_core/task/python/colcon_distutils_commands:/home/vboxuser/ros2_ws_CS/src/install/inverse_kinematics/lib/python3.10/site-packages:${PYTHONPATH} /usr/bin/python3 -W ignore:setup.py install is deprecated -W ignore:easy_install command is deprecated setup.py egg_info --egg-base ../build/inverse_kinematics build --build-base /home/vboxuser/ros2_ws_CS/src/build/inverse_kinematics/build install --record /home/vboxuser/ros2_ws_CS/src/build/inverse_kinematics/install.log --single-version-externally-managed install_data
[4.009s] running egg_info
[4.012s] creating ../build/inverse_kinematics/inverse_kinematics.egg-info
[4.013s] writing ../build/inverse_kinematics/inverse_kinematics.egg-info/PKG-INFO
[4.015s] writing dependency_links to ../build/inverse_kinematics/inverse_kinematics.egg-info/dependency_links.txt
[4.015s] writing entry points to ../build/inverse_kinematics/inverse_kinematics.egg-info/entry_points.txt
[4.017s] writing requirements to ../build/inverse_kinematics/inverse_kinematics.egg-info/requires.txt
[4.017s] writing top-level names to ../build/inverse_kinematics/inverse_kinematics.egg-info/top_level.txt
[4.019s] writing manifest file '../build/inverse_kinematics/inverse_kinematics.egg-info/SOURCES.txt'
[4.029s] reading manifest file '../build/inverse_kinematics/inverse_kinematics.egg-info/SOURCES.txt'
[4.029s] writing manifest file '../build/inverse_kinematics/inverse_kinematics.egg-info/SOURCES.txt'
[4.032s] running build
[4.032s] running build_py
[4.032s] creating /home/vboxuser/ros2_ws_CS/src/build/inverse_kinematics/build
[4.032s] creating /home/vboxuser/ros2_ws_CS/src/build/inverse_kinematics/build/lib
[4.032s] creating /home/vboxuser/ros2_ws_CS/src/build/inverse_kinematics/build/lib/inverse_kinematics
[4.032s] copying inverse_kinematics/ik_node.py -> /home/vboxuser/ros2_ws_CS/src/build/inverse_kinematics/build/lib/inverse_kinematics
[4.033s] copying inverse_kinematics/__init__.py -> /home/vboxuser/ros2_ws_CS/src/build/inverse_kinematics/build/lib/inverse_kinematics
[4.033s] running install
[4.033s] running install_lib
[4.039s] creating /home/vboxuser/ros2_ws_CS/src/install/inverse_kinematics/lib/python3.10/site-packages/inverse_kinematics
[4.039s] copying /home/vboxuser/ros2_ws_CS/src/build/inverse_kinematics/build/lib/inverse_kinematics/ik_node.py -> /home/vboxuser/ros2_ws_CS/src/install/inverse_kinematics/lib/python3.10/site-packages/inverse_kinematics
[4.042s] copying /home/vboxuser/ros2_ws_CS/src/build/inverse_kinematics/build/lib/inverse_kinematics/__init__.py -> /home/vboxuser/ros2_ws_CS/src/install/inverse_kinematics/lib/python3.10/site-packages/inverse_kinematics
[4.042s] byte-compiling /home/vboxuser/ros2_ws_CS/src/install/inverse_kinematics/lib/python3.10/site-packages/inverse_kinematics/ik_node.py to ik_node.cpython-310.pyc
[4.043s] byte-compiling /home/vboxuser/ros2_ws_CS/src/install/inverse_kinematics/lib/python3.10/site-packages/inverse_kinematics/__init__.py to __init__.cpython-310.pyc
[4.043s] running install_data
[4.043s] creating /home/vboxuser/ros2_ws_CS/src/install/inverse_kinematics/share/ament_index
[4.044s] creating /home/vboxuser/ros2_ws_CS/src/install/inverse_kinematics/share/ament_index/resource_index
[4.044s] creating /home/vboxuser/ros2_ws_CS/src/install/inverse_kinematics/share/ament_index/resource_index/packages
[4.047s] copying resource/inverse_kinematics -> /home/vboxuser/ros2_ws_CS/src/install/inverse_kinematics/share/ament_index/resource_index/packages
[4.048s] copying package.xml -> /home/vboxuser/ros2_ws_CS/src/install/inverse_kinematics/share/inverse_kinematics
[4.048s] running install_egg_info
[4.048s] Copying ../build/inverse_kinematics/inverse_kinematics.egg-info to /home/vboxuser/ros2_ws_CS/src/install/inverse_kinematics/lib/python3.10/site-packages/inverse_kinematics-0.0.0-py3.10.egg-info
[4.051s] running install_scripts
[4.121s] Installing ik_node script to /home/vboxuser/ros2_ws_CS/src/install/inverse_kinematics/lib/inverse_kinematics
[4.121s] writing list of installed files to '/home/vboxuser/ros2_ws_CS/src/build/inverse_kinematics/install.log'
[4.216s] Invoked command in '/home/vboxuser/ros2_ws_CS/src/inverse_kinematics' returned '0': PYTHONPATH=/home/vboxuser/ros2_ws_CS/src/build/inverse_kinematics/prefix_override:/usr/lib/python3/dist-packages/colcon_core/task/python/colcon_distutils_commands:/home/vboxuser/ros2_ws_CS/src/install/inverse_kinematics/lib/python3.10/site-packages:${PYTHONPATH} /usr/bin/python3 -W ignore:setup.py install is deprecated -W ignore:easy_install command is deprecated setup.py egg_info --egg-base ../build/inverse_kinematics build --build-base /home/vboxuser/ros2_ws_CS/src/build/inverse_kinematics/build install --record /home/vboxuser/ros2_ws_CS/src/build/inverse_kinematics/install.log --single-version-externally-managed install_data
