[0.826s] Invoking command in '/home/vboxuser/ros2_ws_CS/src/basic_comm': PYTHONPATH=/home/vboxuser/ros2_ws_CS/build/basic_comm/prefix_override:/usr/lib/python3/dist-packages/colcon_core/task/python/colcon_distutils_commands:/home/vboxuser/ros2_ws_CS/install/basic_comm/lib/python3.10/site-packages:${PYTHONPATH} /usr/bin/python3 -W ignore:setup.py install is deprecated -W ignore:easy_install command is deprecated setup.py egg_info --egg-base ../../build/basic_comm build --build-base /home/vboxuser/ros2_ws_CS/build/basic_comm/build install --record /home/vboxuser/ros2_ws_CS/build/basic_comm/install.log --single-version-externally-managed install_data
[1.101s] running egg_info
[1.101s] creating ../../build/basic_comm/basic_comm.egg-info
[1.101s] writing ../../build/basic_comm/basic_comm.egg-info/PKG-INFO
[1.101s] writing dependency_links to ../../build/basic_comm/basic_comm.egg-info/dependency_links.txt
[1.101s] writing entry points to ../../build/basic_comm/basic_comm.egg-info/entry_points.txt
[1.101s] writing requirements to ../../build/basic_comm/basic_comm.egg-info/requires.txt
[1.101s] writing top-level names to ../../build/basic_comm/basic_comm.egg-info/top_level.txt
[1.101s] writing manifest file '../../build/basic_comm/basic_comm.egg-info/SOURCES.txt'
[1.101s] reading manifest file '../../build/basic_comm/basic_comm.egg-info/SOURCES.txt'
[1.101s] writing manifest file '../../build/basic_comm/basic_comm.egg-info/SOURCES.txt'
[1.101s] running build
[1.101s] running build_py
[1.101s] creating /home/vboxuser/ros2_ws_CS/build/basic_comm/build
[1.101s] creating /home/vboxuser/ros2_ws_CS/build/basic_comm/build/lib
[1.101s] creating /home/vboxuser/ros2_ws_CS/build/basic_comm/build/lib/basic_comm
[1.101s] copying basic_comm/talker.py -> /home/vboxuser/ros2_ws_CS/build/basic_comm/build/lib/basic_comm
[1.102s] copying basic_comm/listener.py -> /home/vboxuser/ros2_ws_CS/build/basic_comm/build/lib/basic_comm
[1.102s] copying basic_comm/__init__.py -> /home/vboxuser/ros2_ws_CS/build/basic_comm/build/lib/basic_comm
[1.102s] running install
[1.102s] running install_lib
[1.102s] creating /home/vboxuser/ros2_ws_CS/install/basic_comm/lib/python3.10/site-packages/basic_comm
[1.102s] copying /home/vboxuser/ros2_ws_CS/build/basic_comm/build/lib/basic_comm/talker.py -> /home/vboxuser/ros2_ws_CS/install/basic_comm/lib/python3.10/site-packages/basic_comm
[1.102s] copying /home/vboxuser/ros2_ws_CS/build/basic_comm/build/lib/basic_comm/listener.py -> /home/vboxuser/ros2_ws_CS/install/basic_comm/lib/python3.10/site-packages/basic_comm
[1.102s] copying /home/vboxuser/ros2_ws_CS/build/basic_comm/build/lib/basic_comm/__init__.py -> /home/vboxuser/ros2_ws_CS/install/basic_comm/lib/python3.10/site-packages/basic_comm
[1.102s] byte-compiling /home/vboxuser/ros2_ws_CS/install/basic_comm/lib/python3.10/site-packages/basic_comm/talker.py to talker.cpython-310.pyc
[1.102s] byte-compiling /home/vboxuser/ros2_ws_CS/install/basic_comm/lib/python3.10/site-packages/basic_comm/listener.py to listener.cpython-310.pyc
[1.102s] byte-compiling /home/vboxuser/ros2_ws_CS/install/basic_comm/lib/python3.10/site-packages/basic_comm/__init__.py to __init__.cpython-310.pyc
[1.102s] running install_data
[1.102s] copying package.xml -> /home/vboxuser/ros2_ws_CS/install/basic_comm/share/basic_comm
[1.102s] running install_egg_info
[1.102s] Copying ../../build/basic_comm/basic_comm.egg-info to /home/vboxuser/ros2_ws_CS/install/basic_comm/lib/python3.10/site-packages/basic_comm-0.0.0-py3.10.egg-info
[1.102s] running install_scripts
[1.122s] Installing listener script to /home/vboxuser/ros2_ws_CS/install/basic_comm/lib/basic_comm
[1.122s] Installing talker script to /home/vboxuser/ros2_ws_CS/install/basic_comm/lib/basic_comm
[1.122s] writing list of installed files to '/home/vboxuser/ros2_ws_CS/build/basic_comm/install.log'
[1.152s] Invoked command in '/home/vboxuser/ros2_ws_CS/src/basic_comm' returned '0': PYTHONPATH=/home/vboxuser/ros2_ws_CS/build/basic_comm/prefix_override:/usr/lib/python3/dist-packages/colcon_core/task/python/colcon_distutils_commands:/home/vboxuser/ros2_ws_CS/install/basic_comm/lib/python3.10/site-packages:${PYTHONPATH} /usr/bin/python3 -W ignore:setup.py install is deprecated -W ignore:easy_install command is deprecated setup.py egg_info --egg-base ../../build/basic_comm build --build-base /home/vboxuser/ros2_ws_CS/build/basic_comm/build install --record /home/vboxuser/ros2_ws_CS/build/basic_comm/install.log --single-version-externally-managed install_data
