[1.685s] Invoking command in '/home/vboxuser/ros2_ws_CS/src/inverse_kinematics': PYTHONPATH=/home/vboxuser/ros2_ws_CS/build/inverse_kinematics/prefix_override:/usr/lib/python3/dist-packages/colcon_core/task/python/colcon_distutils_commands:/home/vboxuser/ros2_ws_CS/install/inverse_kinematics/lib/python3.10/site-packages:${PYTHONPATH} /usr/bin/python3 -W ignore:setup.py install is deprecated -W ignore:easy_install command is deprecated setup.py egg_info --egg-base ../../build/inverse_kinematics build --build-base /home/vboxuser/ros2_ws_CS/build/inverse_kinematics/build install --record /home/vboxuser/ros2_ws_CS/build/inverse_kinematics/install.log --single-version-externally-managed install_data
[1.805s] running egg_info
[1.805s] creating ../../build/inverse_kinematics/inverse_kinematics.egg-info
[1.805s] writing ../../build/inverse_kinematics/inverse_kinematics.egg-info/PKG-INFO
[1.805s] writing dependency_links to ../../build/inverse_kinematics/inverse_kinematics.egg-info/dependency_links.txt
[1.806s] writing entry points to ../../build/inverse_kinematics/inverse_kinematics.egg-info/entry_points.txt
[1.808s] writing requirements to ../../build/inverse_kinematics/inverse_kinematics.egg-info/requires.txt
[1.808s] writing top-level names to ../../build/inverse_kinematics/inverse_kinematics.egg-info/top_level.txt
[1.808s] writing manifest file '../../build/inverse_kinematics/inverse_kinematics.egg-info/SOURCES.txt'
[1.811s] reading manifest file '../../build/inverse_kinematics/inverse_kinematics.egg-info/SOURCES.txt'
[1.812s] writing manifest file '../../build/inverse_kinematics/inverse_kinematics.egg-info/SOURCES.txt'
[1.813s] running build
[1.813s] running build_py
[1.813s] creating /home/vboxuser/ros2_ws_CS/build/inverse_kinematics/build
[1.813s] creating /home/vboxuser/ros2_ws_CS/build/inverse_kinematics/build/lib
[1.814s] creating /home/vboxuser/ros2_ws_CS/build/inverse_kinematics/build/lib/inverse_kinematics
[1.814s] copying inverse_kinematics/ik_node.py -> /home/vboxuser/ros2_ws_CS/build/inverse_kinematics/build/lib/inverse_kinematics
[1.815s] copying inverse_kinematics/__init__.py -> /home/vboxuser/ros2_ws_CS/build/inverse_kinematics/build/lib/inverse_kinematics
[1.815s] running install
[1.823s] running install_lib
[1.824s] creating /home/vboxuser/ros2_ws_CS/install/inverse_kinematics/lib/python3.10/site-packages/inverse_kinematics
[1.824s] copying /home/vboxuser/ros2_ws_CS/build/inverse_kinematics/build/lib/inverse_kinematics/ik_node.py -> /home/vboxuser/ros2_ws_CS/install/inverse_kinematics/lib/python3.10/site-packages/inverse_kinematics
[1.824s] copying /home/vboxuser/ros2_ws_CS/build/inverse_kinematics/build/lib/inverse_kinematics/__init__.py -> /home/vboxuser/ros2_ws_CS/install/inverse_kinematics/lib/python3.10/site-packages/inverse_kinematics
[1.825s] byte-compiling /home/vboxuser/ros2_ws_CS/install/inverse_kinematics/lib/python3.10/site-packages/inverse_kinematics/ik_node.py to ik_node.cpython-310.pyc
[1.836s] byte-compiling /home/vboxuser/ros2_ws_CS/install/inverse_kinematics/lib/python3.10/site-packages/inverse_kinematics/__init__.py to __init__.cpython-310.pyc
[1.836s] running install_data
[1.836s] creating /home/vboxuser/ros2_ws_CS/install/inverse_kinematics/share/ament_index
[1.836s] creating /home/vboxuser/ros2_ws_CS/install/inverse_kinematics/share/ament_index/resource_index
[1.836s] creating /home/vboxuser/ros2_ws_CS/install/inverse_kinematics/share/ament_index/resource_index/packages
[1.836s] copying resource/inverse_kinematics -> /home/vboxuser/ros2_ws_CS/install/inverse_kinematics/share/ament_index/resource_index/packages
[1.836s] copying package.xml -> /home/vboxuser/ros2_ws_CS/install/inverse_kinematics/share/inverse_kinematics
[1.836s] running install_egg_info
[1.836s] Copying ../../build/inverse_kinematics/inverse_kinematics.egg-info to /home/vboxuser/ros2_ws_CS/install/inverse_kinematics/lib/python3.10/site-packages/inverse_kinematics-0.0.0-py3.10.egg-info
[1.836s] running install_scripts
[1.904s] writing list of installed files to '/home/vboxuser/ros2_ws_CS/build/inverse_kinematics/install.log'
[1.926s] Invoked command in '/home/vboxuser/ros2_ws_CS/src/inverse_kinematics' returned '0': PYTHONPATH=/home/vboxuser/ros2_ws_CS/build/inverse_kinematics/prefix_override:/usr/lib/python3/dist-packages/colcon_core/task/python/colcon_distutils_commands:/home/vboxuser/ros2_ws_CS/install/inverse_kinematics/lib/python3.10/site-packages:${PYTHONPATH} /usr/bin/python3 -W ignore:setup.py install is deprecated -W ignore:easy_install command is deprecated setup.py egg_info --egg-base ../../build/inverse_kinematics build --build-base /home/vboxuser/ros2_ws_CS/build/inverse_kinematics/build install --record /home/vboxuser/ros2_ws_CS/build/inverse_kinematics/install.log --single-version-externally-managed install_data
