running egg_info
writing ../build/inverse_kinematics/inverse_kinematics.egg-info/PKG-INFO
writing dependency_links to ../build/inverse_kinematics/inverse_kinematics.egg-info/dependency_links.txt
writing entry points to ../build/inverse_kinematics/inverse_kinematics.egg-info/entry_points.txt
writing requirements to ../build/inverse_kinematics/inverse_kinematics.egg-info/requires.txt
writing top-level names to ../build/inverse_kinematics/inverse_kinematics.egg-info/top_level.txt
reading manifest file '../build/inverse_kinematics/inverse_kinematics.egg-info/SOURCES.txt'
writing manifest file '../build/inverse_kinematics/inverse_kinematics.egg-info/SOURCES.txt'
running build
running build_py
copying inverse_kinematics/ik_node.py -> /home/vboxuser/ros2_ws_CS/src/build/inverse_kinematics/build/lib/inverse_kinematics
running install
running install_lib
copying /home/vboxuser/ros2_ws_CS/src/build/inverse_kinematics/build/lib/inverse_kinematics/ik_node.py -> /home/vboxuser/ros2_ws_CS/src/install/inverse_kinematics/lib/python3.10/site-packages/inverse_kinematics
byte-compiling /home/vboxuser/ros2_ws_CS/src/install/inverse_kinematics/lib/python3.10/site-packages/inverse_kinematics/ik_node.py to ik_node.cpython-310.pyc
running install_data
running install_egg_info
removing '/home/vboxuser/ros2_ws_CS/src/install/inverse_kinematics/lib/python3.10/site-packages/inverse_kinematics-0.0.0-py3.10.egg-info' (and everything under it)
Copying ../build/inverse_kinematics/inverse_kinematics.egg-info to /home/vboxuser/ros2_ws_CS/src/install/inverse_kinematics/lib/python3.10/site-packages/inverse_kinematics-0.0.0-py3.10.egg-info
running install_scripts
Installing ik_node script to /home/vboxuser/ros2_ws_CS/src/install/inverse_kinematics/lib/inverse_kinematics
writing list of installed files to '/home/vboxuser/ros2_ws_CS/src/build/inverse_kinematics/install.log'
