[0.133s] DEBUG:colcon:Command line arguments: ['/usr/bin/colcon', 'build']
[0.134s] DEBUG:colcon:Parsed command line arguments: Namespace(log_base=None, log_level=None, verb_name='build', build_base='build', install_base='install', merge_install=False, symlink_install=False, test_result_base=None, continue_on_error=False, executor='parallel', parallel_workers=4, event_handlers=None, ignore_user_meta=False, metas=['./colcon.meta'], base_paths=['.'], packages_ignore=None, packages_ignore_regex=None, paths=None, packages_up_to=None, packages_up_to_regex=None, packages_above=None, packages_above_and_dependencies=None, packages_above_depth=None, packages_select_by_dep=None, packages_skip_by_dep=None, packages_skip_up_to=None, packages_select_build_failed=False, packages_skip_build_finished=False, packages_select_test_failures=False, packages_skip_test_passed=False, packages_select=None, packages_skip=None, packages_select_regex=None, packages_skip_regex=None, packages_start=None, packages_end=None, allow_overriding=[], cmake_args=None, cmake_target=None, cmake_target_skip_unavailable=False, cmake_clean_cache=False, cmake_clean_first=False, cmake_force_configure=False, ament_cmake_args=None, catkin_cmake_args=None, catkin_skip_building_tests=False, verb_parser=<colcon_defaults.argument_parser.defaults.DefaultArgumentsDecorator object at 0x7fa6f4464a30>, verb_extension=<colcon_core.verb.build.BuildVerb object at 0x7fa6f4464460>, main=<bound method BuildVerb.main of <colcon_core.verb.build.BuildVerb object at 0x7fa6f4464460>>)
[0.318s] Level 1:colcon.colcon_core.package_discovery:discover_packages(colcon_meta) check parameters
[0.318s] Level 1:colcon.colcon_core.package_discovery:discover_packages(recursive) check parameters
[0.318s] Level 1:colcon.colcon_core.package_discovery:discover_packages(ignore) check parameters
[0.318s] Level 1:colcon.colcon_core.package_discovery:discover_packages(path) check parameters
[0.319s] Level 1:colcon.colcon_core.package_discovery:discover_packages(colcon_meta) discover
[0.319s] Level 1:colcon.colcon_core.package_discovery:discover_packages(recursive) discover
[0.319s] INFO:colcon.colcon_core.package_discovery:Crawling recursively for packages in '/home/vboxuser/ros2_ws_CS/src'
[0.319s] Level 1:colcon.colcon_core.package_identification:_identify(.) by extensions ['ignore', 'ignore_ament_install']
[0.319s] Level 1:colcon.colcon_core.package_identification:_identify(.) by extension 'ignore'
[0.319s] Level 1:colcon.colcon_core.package_identification:_identify(.) by extension 'ignore_ament_install'
[0.319s] Level 1:colcon.colcon_core.package_identification:_identify(.) by extensions ['colcon_pkg']
[0.319s] Level 1:colcon.colcon_core.package_identification:_identify(.) by extension 'colcon_pkg'
[0.319s] Level 1:colcon.colcon_core.package_identification:_identify(.) by extensions ['colcon_meta']
[0.319s] Level 1:colcon.colcon_core.package_identification:_identify(.) by extension 'colcon_meta'
[0.319s] Level 1:colcon.colcon_core.package_identification:_identify(.) by extensions ['ros']
[0.319s] Level 1:colcon.colcon_core.package_identification:_identify(.) by extension 'ros'
[0.334s] Level 1:colcon.colcon_core.package_identification:_identify(.) by extensions ['cmake', 'python']
[0.334s] Level 1:colcon.colcon_core.package_identification:_identify(.) by extension 'cmake'
[0.334s] Level 1:colcon.colcon_core.package_identification:_identify(.) by extension 'python'
[0.334s] Level 1:colcon.colcon_core.package_identification:_identify(.) by extensions ['python_setup_py']
[0.334s] Level 1:colcon.colcon_core.package_identification:_identify(.) by extension 'python_setup_py'
[0.334s] Level 1:colcon.colcon_core.package_identification:_identify(adruino) by extensions ['ignore', 'ignore_ament_install']
[0.334s] Level 1:colcon.colcon_core.package_identification:_identify(adruino) by extension 'ignore'
[0.334s] Level 1:colcon.colcon_core.package_identification:_identify(adruino) by extension 'ignore_ament_install'
[0.334s] Level 1:colcon.colcon_core.package_identification:_identify(adruino) by extensions ['colcon_pkg']
[0.334s] Level 1:colcon.colcon_core.package_identification:_identify(adruino) by extension 'colcon_pkg'
[0.334s] Level 1:colcon.colcon_core.package_identification:_identify(adruino) by extensions ['colcon_meta']
[0.335s] Level 1:colcon.colcon_core.package_identification:_identify(adruino) by extension 'colcon_meta'
[0.335s] Level 1:colcon.colcon_core.package_identification:_identify(adruino) by extensions ['ros']
[0.335s] Level 1:colcon.colcon_core.package_identification:_identify(adruino) by extension 'ros'
[0.335s] Level 1:colcon.colcon_core.package_identification:_identify(adruino) by extensions ['cmake', 'python']
[0.335s] Level 1:colcon.colcon_core.package_identification:_identify(adruino) by extension 'cmake'
[0.335s] Level 1:colcon.colcon_core.package_identification:_identify(adruino) by extension 'python'
[0.335s] Level 1:colcon.colcon_core.package_identification:_identify(adruino) by extensions ['python_setup_py']
[0.335s] Level 1:colcon.colcon_core.package_identification:_identify(adruino) by extension 'python_setup_py'
[0.335s] Level 1:colcon.colcon_core.package_identification:_identify(basic_comm) by extensions ['ignore', 'ignore_ament_install']
[0.335s] Level 1:colcon.colcon_core.package_identification:_identify(basic_comm) by extension 'ignore'
[0.335s] Level 1:colcon.colcon_core.package_identification:_identify(basic_comm) by extension 'ignore_ament_install'
[0.335s] Level 1:colcon.colcon_core.package_identification:_identify(basic_comm) by extensions ['colcon_pkg']
[0.335s] Level 1:colcon.colcon_core.package_identification:_identify(basic_comm) by extension 'colcon_pkg'
[0.335s] Level 1:colcon.colcon_core.package_identification:_identify(basic_comm) by extensions ['colcon_meta']
[0.335s] Level 1:colcon.colcon_core.package_identification:_identify(basic_comm) by extension 'colcon_meta'
[0.335s] Level 1:colcon.colcon_core.package_identification:_identify(basic_comm) by extensions ['ros']
[0.335s] Level 1:colcon.colcon_core.package_identification:_identify(basic_comm) by extension 'ros'
[0.338s] DEBUG:colcon.colcon_core.package_identification:Package 'basic_comm' with type 'ros.ament_python' and name 'basic_comm'
[0.338s] Level 1:colcon.colcon_core.package_identification:_identify(build) by extensions ['ignore', 'ignore_ament_install']
[0.338s] Level 1:colcon.colcon_core.package_identification:_identify(build) by extension 'ignore'
[0.338s] Level 1:colcon.colcon_core.package_identification:_identify(build) ignored
[0.338s] Level 1:colcon.colcon_core.package_identification:_identify(install) by extensions ['ignore', 'ignore_ament_install']
[0.338s] Level 1:colcon.colcon_core.package_identification:_identify(install) by extension 'ignore'
[0.338s] Level 1:colcon.colcon_core.package_identification:_identify(install) ignored
[0.338s] Level 1:colcon.colcon_core.package_identification:_identify(inverse_kinematics) by extensions ['ignore', 'ignore_ament_install']
[0.339s] Level 1:colcon.colcon_core.package_identification:_identify(inverse_kinematics) by extension 'ignore'
[0.339s] Level 1:colcon.colcon_core.package_identification:_identify(inverse_kinematics) by extension 'ignore_ament_install'
[0.339s] Level 1:colcon.colcon_core.package_identification:_identify(inverse_kinematics) by extensions ['colcon_pkg']
[0.339s] Level 1:colcon.colcon_core.package_identification:_identify(inverse_kinematics) by extension 'colcon_pkg'
[0.339s] Level 1:colcon.colcon_core.package_identification:_identify(inverse_kinematics) by extensions ['colcon_meta']
[0.339s] Level 1:colcon.colcon_core.package_identification:_identify(inverse_kinematics) by extension 'colcon_meta'
[0.339s] Level 1:colcon.colcon_core.package_identification:_identify(inverse_kinematics) by extensions ['ros']
[0.339s] Level 1:colcon.colcon_core.package_identification:_identify(inverse_kinematics) by extension 'ros'
[0.339s] DEBUG:colcon.colcon_core.package_identification:Package 'inverse_kinematics' with type 'ros.ament_python' and name 'inverse_kinematics'
[0.340s] Level 1:colcon.colcon_core.package_identification:_identify(log) by extensions ['ignore', 'ignore_ament_install']
[0.340s] Level 1:colcon.colcon_core.package_identification:_identify(log) by extension 'ignore'
[0.340s] Level 1:colcon.colcon_core.package_identification:_identify(log) ignored
[0.340s] Level 1:colcon.colcon_core.package_identification:_identify(serial_comm) by extensions ['ignore', 'ignore_ament_install']
[0.340s] Level 1:colcon.colcon_core.package_identification:_identify(serial_comm) by extension 'ignore'
[0.340s] Level 1:colcon.colcon_core.package_identification:_identify(serial_comm) by extension 'ignore_ament_install'
[0.340s] Level 1:colcon.colcon_core.package_identification:_identify(serial_comm) by extensions ['colcon_pkg']
[0.340s] Level 1:colcon.colcon_core.package_identification:_identify(serial_comm) by extension 'colcon_pkg'
[0.340s] Level 1:colcon.colcon_core.package_identification:_identify(serial_comm) by extensions ['colcon_meta']
[0.340s] Level 1:colcon.colcon_core.package_identification:_identify(serial_comm) by extension 'colcon_meta'
[0.340s] Level 1:colcon.colcon_core.package_identification:_identify(serial_comm) by extensions ['ros']
[0.340s] Level 1:colcon.colcon_core.package_identification:_identify(serial_comm) by extension 'ros'
[0.341s] DEBUG:colcon.colcon_core.package_identification:Package 'serial_comm' with type 'ros.ament_python' and name 'serial_comm'
[0.341s] Level 1:colcon.colcon_core.package_discovery:discover_packages(recursive) using defaults
[0.341s] Level 1:colcon.colcon_core.package_discovery:discover_packages(ignore) discover
[0.341s] Level 1:colcon.colcon_core.package_discovery:discover_packages(ignore) using defaults
[0.341s] Level 1:colcon.colcon_core.package_discovery:discover_packages(path) discover
[0.341s] Level 1:colcon.colcon_core.package_discovery:discover_packages(path) using defaults
[0.362s] Level 1:colcon.colcon_core.package_discovery:discover_packages(prefix_path) check parameters
[0.362s] Level 1:colcon.colcon_core.package_discovery:discover_packages(prefix_path) discover
[0.365s] DEBUG:colcon.colcon_installed_package_information.package_discovery:Found 3 installed packages in /home/vboxuser/ros2_ws_CS/install
[0.365s] DEBUG:colcon.colcon_installed_package_information.package_discovery:Found 1 installed packages in /home/vboxuser/ros2_ws/install
[0.367s] DEBUG:colcon.colcon_installed_package_information.package_discovery:Found 271 installed packages in /opt/ros/humble
[0.380s] Level 1:colcon.colcon_core.package_discovery:discover_packages(prefix_path) using defaults
[0.418s] Level 5:colcon.colcon_core.verb:set package 'basic_comm' build argument 'cmake_args' from command line to 'None'
[0.418s] Level 5:colcon.colcon_core.verb:set package 'basic_comm' build argument 'cmake_target' from command line to 'None'
[0.418s] Level 5:colcon.colcon_core.verb:set package 'basic_comm' build argument 'cmake_target_skip_unavailable' from command line to 'False'
[0.418s] Level 5:colcon.colcon_core.verb:set package 'basic_comm' build argument 'cmake_clean_cache' from command line to 'False'
[0.418s] Level 5:colcon.colcon_core.verb:set package 'basic_comm' build argument 'cmake_clean_first' from command line to 'False'
[0.418s] Level 5:colcon.colcon_core.verb:set package 'basic_comm' build argument 'cmake_force_configure' from command line to 'False'
[0.418s] Level 5:colcon.colcon_core.verb:set package 'basic_comm' build argument 'ament_cmake_args' from command line to 'None'
[0.418s] Level 5:colcon.colcon_core.verb:set package 'basic_comm' build argument 'catkin_cmake_args' from command line to 'None'
[0.418s] Level 5:colcon.colcon_core.verb:set package 'basic_comm' build argument 'catkin_skip_building_tests' from command line to 'False'
[0.418s] DEBUG:colcon.colcon_core.verb:Building package 'basic_comm' with the following arguments: {'ament_cmake_args': None, 'build_base': '/home/vboxuser/ros2_ws_CS/src/build/basic_comm', 'catkin_cmake_args': None, 'catkin_skip_building_tests': False, 'cmake_args': None, 'cmake_clean_cache': False, 'cmake_clean_first': False, 'cmake_force_configure': False, 'cmake_target': None, 'cmake_target_skip_unavailable': False, 'install_base': '/home/vboxuser/ros2_ws_CS/src/install/basic_comm', 'merge_install': False, 'path': '/home/vboxuser/ros2_ws_CS/src/basic_comm', 'symlink_install': False, 'test_result_base': None}
[0.418s] Level 5:colcon.colcon_core.verb:set package 'inverse_kinematics' build argument 'cmake_args' from command line to 'None'
[0.418s] Level 5:colcon.colcon_core.verb:set package 'inverse_kinematics' build argument 'cmake_target' from command line to 'None'
[0.418s] Level 5:colcon.colcon_core.verb:set package 'inverse_kinematics' build argument 'cmake_target_skip_unavailable' from command line to 'False'
[0.418s] Level 5:colcon.colcon_core.verb:set package 'inverse_kinematics' build argument 'cmake_clean_cache' from command line to 'False'
[0.418s] Level 5:colcon.colcon_core.verb:set package 'inverse_kinematics' build argument 'cmake_clean_first' from command line to 'False'
[0.418s] Level 5:colcon.colcon_core.verb:set package 'inverse_kinematics' build argument 'cmake_force_configure' from command line to 'False'
[0.419s] Level 5:colcon.colcon_core.verb:set package 'inverse_kinematics' build argument 'ament_cmake_args' from command line to 'None'
[0.419s] Level 5:colcon.colcon_core.verb:set package 'inverse_kinematics' build argument 'catkin_cmake_args' from command line to 'None'
[0.419s] Level 5:colcon.colcon_core.verb:set package 'inverse_kinematics' build argument 'catkin_skip_building_tests' from command line to 'False'
[0.419s] DEBUG:colcon.colcon_core.verb:Building package 'inverse_kinematics' with the following arguments: {'ament_cmake_args': None, 'build_base': '/home/vboxuser/ros2_ws_CS/src/build/inverse_kinematics', 'catkin_cmake_args': None, 'catkin_skip_building_tests': False, 'cmake_args': None, 'cmake_clean_cache': False, 'cmake_clean_first': False, 'cmake_force_configure': False, 'cmake_target': None, 'cmake_target_skip_unavailable': False, 'install_base': '/home/vboxuser/ros2_ws_CS/src/install/inverse_kinematics', 'merge_install': False, 'path': '/home/vboxuser/ros2_ws_CS/src/inverse_kinematics', 'symlink_install': False, 'test_result_base': None}
[0.419s] Level 5:colcon.colcon_core.verb:set package 'serial_comm' build argument 'cmake_args' from command line to 'None'
[0.419s] Level 5:colcon.colcon_core.verb:set package 'serial_comm' build argument 'cmake_target' from command line to 'None'
[0.419s] Level 5:colcon.colcon_core.verb:set package 'serial_comm' build argument 'cmake_target_skip_unavailable' from command line to 'False'
[0.419s] Level 5:colcon.colcon_core.verb:set package 'serial_comm' build argument 'cmake_clean_cache' from command line to 'False'
[0.419s] Level 5:colcon.colcon_core.verb:set package 'serial_comm' build argument 'cmake_clean_first' from command line to 'False'
[0.419s] Level 5:colcon.colcon_core.verb:set package 'serial_comm' build argument 'cmake_force_configure' from command line to 'False'
[0.419s] Level 5:colcon.colcon_core.verb:set package 'serial_comm' build argument 'ament_cmake_args' from command line to 'None'
[0.419s] Level 5:colcon.colcon_core.verb:set package 'serial_comm' build argument 'catkin_cmake_args' from command line to 'None'
[0.419s] Level 5:colcon.colcon_core.verb:set package 'serial_comm' build argument 'catkin_skip_building_tests' from command line to 'False'
[0.419s] DEBUG:colcon.colcon_core.verb:Building package 'serial_comm' with the following arguments: {'ament_cmake_args': None, 'build_base': '/home/vboxuser/ros2_ws_CS/src/build/serial_comm', 'catkin_cmake_args': None, 'catkin_skip_building_tests': False, 'cmake_args': None, 'cmake_clean_cache': False, 'cmake_clean_first': False, 'cmake_force_configure': False, 'cmake_target': None, 'cmake_target_skip_unavailable': False, 'install_base': '/home/vboxuser/ros2_ws_CS/src/install/serial_comm', 'merge_install': False, 'path': '/home/vboxuser/ros2_ws_CS/src/serial_comm', 'symlink_install': False, 'test_result_base': None}
[0.420s] INFO:colcon.colcon_core.executor:Executing jobs using 'parallel' executor
[0.421s] DEBUG:colcon.colcon_parallel_executor.executor.parallel:run_until_complete
[0.421s] INFO:colcon.colcon_ros.task.ament_python.build:Building ROS package in '/home/vboxuser/ros2_ws_CS/src/basic_comm' with build type 'ament_python'
[0.422s] Level 1:colcon.colcon_core.shell:create_environment_hook('basic_comm', 'ament_prefix_path')
[0.424s] INFO:colcon.colcon_core.plugin_system:Skipping extension 'colcon_core.shell.bat': Not used on non-Windows systems
[0.425s] INFO:colcon.colcon_core.shell:Creating environment hook '/home/vboxuser/ros2_ws_CS/src/install/basic_comm/share/basic_comm/hook/ament_prefix_path.ps1'
[0.426s] INFO:colcon.colcon_core.shell:Creating environment descriptor '/home/vboxuser/ros2_ws_CS/src/install/basic_comm/share/basic_comm/hook/ament_prefix_path.dsv'
[0.427s] INFO:colcon.colcon_core.shell:Creating environment hook '/home/vboxuser/ros2_ws_CS/src/install/basic_comm/share/basic_comm/hook/ament_prefix_path.sh'
[0.428s] INFO:colcon.colcon_core.shell:Skip shell extension 'powershell' for command environment: Not usable outside of PowerShell
[0.428s] DEBUG:colcon.colcon_core.shell:Skip shell extension 'dsv' for command environment
[0.433s] INFO:colcon.colcon_ros.task.ament_python.build:Building ROS package in '/home/vboxuser/ros2_ws_CS/src/inverse_kinematics' with build type 'ament_python'
[0.434s] Level 1:colcon.colcon_core.shell:create_environment_hook('inverse_kinematics', 'ament_prefix_path')
[0.434s] INFO:colcon.colcon_core.shell:Creating environment hook '/home/vboxuser/ros2_ws_CS/src/install/inverse_kinematics/share/inverse_kinematics/hook/ament_prefix_path.ps1'
[0.436s] INFO:colcon.colcon_core.shell:Creating environment descriptor '/home/vboxuser/ros2_ws_CS/src/install/inverse_kinematics/share/inverse_kinematics/hook/ament_prefix_path.dsv'
[0.436s] INFO:colcon.colcon_core.shell:Creating environment hook '/home/vboxuser/ros2_ws_CS/src/install/inverse_kinematics/share/inverse_kinematics/hook/ament_prefix_path.sh'
[0.437s] INFO:colcon.colcon_core.shell:Skip shell extension 'powershell' for command environment: Not usable outside of PowerShell
[0.437s] DEBUG:colcon.colcon_core.shell:Skip shell extension 'dsv' for command environment
[0.442s] INFO:colcon.colcon_ros.task.ament_python.build:Building ROS package in '/home/vboxuser/ros2_ws_CS/src/serial_comm' with build type 'ament_python'
[0.442s] Level 1:colcon.colcon_core.shell:create_environment_hook('serial_comm', 'ament_prefix_path')
[0.442s] INFO:colcon.colcon_core.shell:Creating environment hook '/home/vboxuser/ros2_ws_CS/src/install/serial_comm/share/serial_comm/hook/ament_prefix_path.ps1'
[0.443s] INFO:colcon.colcon_core.shell:Creating environment descriptor '/home/vboxuser/ros2_ws_CS/src/install/serial_comm/share/serial_comm/hook/ament_prefix_path.dsv'
[0.444s] INFO:colcon.colcon_core.shell:Creating environment hook '/home/vboxuser/ros2_ws_CS/src/install/serial_comm/share/serial_comm/hook/ament_prefix_path.sh'
[0.444s] INFO:colcon.colcon_core.shell:Skip shell extension 'powershell' for command environment: Not usable outside of PowerShell
[0.444s] DEBUG:colcon.colcon_core.shell:Skip shell extension 'dsv' for command environment
[0.865s] WARNING:colcon.colcon_ros.task.ament_python.build:Package 'basic_comm' doesn't explicitly install a marker in the package index (colcon-ros currently does it implicitly but that fallback will be removed in the future)
[0.867s] INFO:colcon.colcon_core.task.python.build:Building Python package in '/home/vboxuser/ros2_ws_CS/src/basic_comm'
[0.867s] INFO:colcon.colcon_core.shell:Skip shell extension 'powershell' for command environment: Not usable outside of PowerShell
[0.867s] DEBUG:colcon.colcon_core.shell:Skip shell extension 'dsv' for command environment
[1.249s] INFO:colcon.colcon_core.task.python.build:Building Python package in '/home/vboxuser/ros2_ws_CS/src/inverse_kinematics'
[1.250s] INFO:colcon.colcon_core.shell:Skip shell extension 'powershell' for command environment: Not usable outside of PowerShell
[1.250s] DEBUG:colcon.colcon_core.shell:Skip shell extension 'dsv' for command environment
[2.146s] WARNING:colcon.colcon_ros.task.ament_python.build:Package 'serial_comm' doesn't explicitly install a marker in the package index (colcon-ros currently does it implicitly but that fallback will be removed in the future)
[2.158s] INFO:colcon.colcon_core.task.python.build:Building Python package in '/home/vboxuser/ros2_ws_CS/src/serial_comm'
[2.159s] INFO:colcon.colcon_core.shell:Skip shell extension 'powershell' for command environment: Not usable outside of PowerShell
[2.159s] DEBUG:colcon.colcon_core.shell:Skip shell extension 'dsv' for command environment
[3.192s] DEBUG:colcon.colcon_core.event_handler.log_command:Invoking command in '/home/vboxuser/ros2_ws_CS/src/basic_comm': PYTHONPATH=/home/vboxuser/ros2_ws_CS/src/build/basic_comm/prefix_override:/usr/lib/python3/dist-packages/colcon_core/task/python/colcon_distutils_commands:/home/vboxuser/ros2_ws_CS/src/install/basic_comm/lib/python3.10/site-packages:${PYTHONPATH} /usr/bin/python3 -W ignore:setup.py install is deprecated -W ignore:easy_install command is deprecated setup.py egg_info --egg-base ../build/basic_comm build --build-base /home/vboxuser/ros2_ws_CS/src/build/basic_comm/build install --record /home/vboxuser/ros2_ws_CS/src/build/basic_comm/install.log --single-version-externally-managed install_data
[3.540s] DEBUG:colcon.colcon_core.event_handler.log_command:Invoking command in '/home/vboxuser/ros2_ws_CS/src/inverse_kinematics': PYTHONPATH=/home/vboxuser/ros2_ws_CS/src/build/inverse_kinematics/prefix_override:/usr/lib/python3/dist-packages/colcon_core/task/python/colcon_distutils_commands:/home/vboxuser/ros2_ws_CS/src/install/inverse_kinematics/lib/python3.10/site-packages:${PYTHONPATH} /usr/bin/python3 -W ignore:setup.py install is deprecated -W ignore:easy_install command is deprecated setup.py egg_info --egg-base ../build/inverse_kinematics build --build-base /home/vboxuser/ros2_ws_CS/src/build/inverse_kinematics/build install --record /home/vboxuser/ros2_ws_CS/src/build/inverse_kinematics/install.log --single-version-externally-managed install_data
[3.628s] DEBUG:colcon.colcon_core.event_handler.log_command:Invoking command in '/home/vboxuser/ros2_ws_CS/src/serial_comm': PYTHONPATH=/home/vboxuser/ros2_ws_CS/src/build/serial_comm/prefix_override:/usr/lib/python3/dist-packages/colcon_core/task/python/colcon_distutils_commands:/home/vboxuser/ros2_ws_CS/src/install/serial_comm/lib/python3.10/site-packages:${PYTHONPATH} /usr/bin/python3 -W ignore:setup.py install is deprecated -W ignore:easy_install command is deprecated setup.py egg_info --egg-base ../build/serial_comm build --build-base /home/vboxuser/ros2_ws_CS/src/build/serial_comm/build install --record /home/vboxuser/ros2_ws_CS/src/build/serial_comm/install.log --single-version-externally-managed install_data
[4.021s] DEBUG:colcon.colcon_core.event_handler.log_command:Invoked command in '/home/vboxuser/ros2_ws_CS/src/basic_comm' returned '0': PYTHONPATH=/home/vboxuser/ros2_ws_CS/src/build/basic_comm/prefix_override:/usr/lib/python3/dist-packages/colcon_core/task/python/colcon_distutils_commands:/home/vboxuser/ros2_ws_CS/src/install/basic_comm/lib/python3.10/site-packages:${PYTHONPATH} /usr/bin/python3 -W ignore:setup.py install is deprecated -W ignore:easy_install command is deprecated setup.py egg_info --egg-base ../build/basic_comm build --build-base /home/vboxuser/ros2_ws_CS/src/build/basic_comm/build install --record /home/vboxuser/ros2_ws_CS/src/build/basic_comm/install.log --single-version-externally-managed install_data
[4.064s] Level 1:colcon.colcon_core.environment:checking '/home/vboxuser/ros2_ws_CS/src/install/basic_comm' for CMake module files
[4.064s] Level 1:colcon.colcon_core.environment:checking '/home/vboxuser/ros2_ws_CS/src/install/basic_comm' for CMake config files
[4.065s] Level 1:colcon.colcon_core.environment:checking '/home/vboxuser/ros2_ws_CS/src/install/basic_comm/lib'
[4.065s] Level 1:colcon.colcon_core.environment:checking '/home/vboxuser/ros2_ws_CS/src/install/basic_comm/bin'
[4.065s] Level 1:colcon.colcon_core.environment:checking '/home/vboxuser/ros2_ws_CS/src/install/basic_comm/lib/pkgconfig/basic_comm.pc'
[4.065s] Level 1:colcon.colcon_core.environment:checking '/home/vboxuser/ros2_ws_CS/src/install/basic_comm/lib/python3.10/site-packages'
[4.066s] Level 1:colcon.colcon_core.shell:create_environment_hook('basic_comm', 'pythonpath')
[4.066s] INFO:colcon.colcon_core.shell:Creating environment hook '/home/vboxuser/ros2_ws_CS/src/install/basic_comm/share/basic_comm/hook/pythonpath.ps1'
[4.066s] INFO:colcon.colcon_core.shell:Creating environment descriptor '/home/vboxuser/ros2_ws_CS/src/install/basic_comm/share/basic_comm/hook/pythonpath.dsv'
[4.066s] INFO:colcon.colcon_core.shell:Creating environment hook '/home/vboxuser/ros2_ws_CS/src/install/basic_comm/share/basic_comm/hook/pythonpath.sh'
[4.067s] Level 1:colcon.colcon_core.environment:checking '/home/vboxuser/ros2_ws_CS/src/install/basic_comm/bin'
[4.067s] Level 1:colcon.colcon_core.environment:create_environment_scripts_only(basic_comm)
[4.067s] INFO:colcon.colcon_core.shell:Creating package script '/home/vboxuser/ros2_ws_CS/src/install/basic_comm/share/basic_comm/package.ps1'
[4.068s] INFO:colcon.colcon_core.shell:Creating package descriptor '/home/vboxuser/ros2_ws_CS/src/install/basic_comm/share/basic_comm/package.dsv'
[4.068s] INFO:colcon.colcon_core.shell:Creating package script '/home/vboxuser/ros2_ws_CS/src/install/basic_comm/share/basic_comm/package.sh'
[4.069s] INFO:colcon.colcon_core.shell:Creating package script '/home/vboxuser/ros2_ws_CS/src/install/basic_comm/share/basic_comm/package.bash'
[4.070s] INFO:colcon.colcon_core.shell:Creating package script '/home/vboxuser/ros2_ws_CS/src/install/basic_comm/share/basic_comm/package.zsh'
[4.070s] Level 1:colcon.colcon_core.environment:create_file_with_runtime_dependencies(/home/vboxuser/ros2_ws_CS/src/install/basic_comm/share/colcon-core/packages/basic_comm)
[4.518s] Level 1:colcon.colcon_core.environment:checking '/home/vboxuser/ros2_ws_CS/src/install/serial_comm' for CMake module files
[4.519s] DEBUG:colcon.colcon_core.event_handler.log_command:Invoked command in '/home/vboxuser/ros2_ws_CS/src/serial_comm' returned '0': PYTHONPATH=/home/vboxuser/ros2_ws_CS/src/build/serial_comm/prefix_override:/usr/lib/python3/dist-packages/colcon_core/task/python/colcon_distutils_commands:/home/vboxuser/ros2_ws_CS/src/install/serial_comm/lib/python3.10/site-packages:${PYTHONPATH} /usr/bin/python3 -W ignore:setup.py install is deprecated -W ignore:easy_install command is deprecated setup.py egg_info --egg-base ../build/serial_comm build --build-base /home/vboxuser/ros2_ws_CS/src/build/serial_comm/build install --record /home/vboxuser/ros2_ws_CS/src/build/serial_comm/install.log --single-version-externally-managed install_data
[4.520s] Level 1:colcon.colcon_core.environment:checking '/home/vboxuser/ros2_ws_CS/src/install/serial_comm' for CMake config files
[4.521s] Level 1:colcon.colcon_core.environment:checking '/home/vboxuser/ros2_ws_CS/src/install/serial_comm/lib'
[4.521s] Level 1:colcon.colcon_core.environment:checking '/home/vboxuser/ros2_ws_CS/src/install/serial_comm/bin'
[4.521s] Level 1:colcon.colcon_core.environment:checking '/home/vboxuser/ros2_ws_CS/src/install/serial_comm/lib/pkgconfig/serial_comm.pc'
[4.521s] Level 1:colcon.colcon_core.environment:checking '/home/vboxuser/ros2_ws_CS/src/install/serial_comm/lib/python3.10/site-packages'
[4.525s] Level 1:colcon.colcon_core.shell:create_environment_hook('serial_comm', 'pythonpath')
[4.525s] INFO:colcon.colcon_core.shell:Creating environment hook '/home/vboxuser/ros2_ws_CS/src/install/serial_comm/share/serial_comm/hook/pythonpath.ps1'
[4.531s] INFO:colcon.colcon_core.shell:Creating environment descriptor '/home/vboxuser/ros2_ws_CS/src/install/serial_comm/share/serial_comm/hook/pythonpath.dsv'
[4.532s] INFO:colcon.colcon_core.shell:Creating environment hook '/home/vboxuser/ros2_ws_CS/src/install/serial_comm/share/serial_comm/hook/pythonpath.sh'
[4.533s] Level 1:colcon.colcon_core.environment:checking '/home/vboxuser/ros2_ws_CS/src/install/serial_comm/bin'
[4.533s] Level 1:colcon.colcon_core.environment:create_environment_scripts_only(serial_comm)
[4.534s] INFO:colcon.colcon_core.shell:Creating package script '/home/vboxuser/ros2_ws_CS/src/install/serial_comm/share/serial_comm/package.ps1'
[4.534s] INFO:colcon.colcon_core.shell:Creating package descriptor '/home/vboxuser/ros2_ws_CS/src/install/serial_comm/share/serial_comm/package.dsv'
[4.535s] INFO:colcon.colcon_core.shell:Creating package script '/home/vboxuser/ros2_ws_CS/src/install/serial_comm/share/serial_comm/package.sh'
[4.536s] INFO:colcon.colcon_core.shell:Creating package script '/home/vboxuser/ros2_ws_CS/src/install/serial_comm/share/serial_comm/package.bash'
[4.536s] INFO:colcon.colcon_core.shell:Creating package script '/home/vboxuser/ros2_ws_CS/src/install/serial_comm/share/serial_comm/package.zsh'
[4.537s] Level 1:colcon.colcon_core.environment:create_file_with_runtime_dependencies(/home/vboxuser/ros2_ws_CS/src/install/serial_comm/share/colcon-core/packages/serial_comm)
[4.643s] Level 1:colcon.colcon_core.environment:checking '/home/vboxuser/ros2_ws_CS/src/install/inverse_kinematics' for CMake module files
[4.645s] Level 1:colcon.colcon_core.environment:checking '/home/vboxuser/ros2_ws_CS/src/install/inverse_kinematics' for CMake config files
[4.647s] Level 1:colcon.colcon_core.environment:checking '/home/vboxuser/ros2_ws_CS/src/install/inverse_kinematics/lib'
[4.647s] Level 1:colcon.colcon_core.environment:checking '/home/vboxuser/ros2_ws_CS/src/install/inverse_kinematics/bin'
[4.647s] Level 1:colcon.colcon_core.environment:checking '/home/vboxuser/ros2_ws_CS/src/install/inverse_kinematics/lib/pkgconfig/inverse_kinematics.pc'
[4.648s] Level 1:colcon.colcon_core.environment:checking '/home/vboxuser/ros2_ws_CS/src/install/inverse_kinematics/lib/python3.10/site-packages'
[4.648s] Level 1:colcon.colcon_core.shell:create_environment_hook('inverse_kinematics', 'pythonpath')
[4.649s] INFO:colcon.colcon_core.shell:Creating environment hook '/home/vboxuser/ros2_ws_CS/src/install/inverse_kinematics/share/inverse_kinematics/hook/pythonpath.ps1'
[4.651s] DEBUG:colcon.colcon_core.event_handler.log_command:Invoked command in '/home/vboxuser/ros2_ws_CS/src/inverse_kinematics' returned '0': PYTHONPATH=/home/vboxuser/ros2_ws_CS/src/build/inverse_kinematics/prefix_override:/usr/lib/python3/dist-packages/colcon_core/task/python/colcon_distutils_commands:/home/vboxuser/ros2_ws_CS/src/install/inverse_kinematics/lib/python3.10/site-packages:${PYTHONPATH} /usr/bin/python3 -W ignore:setup.py install is deprecated -W ignore:easy_install command is deprecated setup.py egg_info --egg-base ../build/inverse_kinematics build --build-base /home/vboxuser/ros2_ws_CS/src/build/inverse_kinematics/build install --record /home/vboxuser/ros2_ws_CS/src/build/inverse_kinematics/install.log --single-version-externally-managed install_data
[4.651s] INFO:colcon.colcon_core.shell:Creating environment descriptor '/home/vboxuser/ros2_ws_CS/src/install/inverse_kinematics/share/inverse_kinematics/hook/pythonpath.dsv'
[4.654s] INFO:colcon.colcon_core.shell:Creating environment hook '/home/vboxuser/ros2_ws_CS/src/install/inverse_kinematics/share/inverse_kinematics/hook/pythonpath.sh'
[4.659s] Level 1:colcon.colcon_core.environment:checking '/home/vboxuser/ros2_ws_CS/src/install/inverse_kinematics/bin'
[4.659s] Level 1:colcon.colcon_core.environment:create_environment_scripts_only(inverse_kinematics)
[4.660s] INFO:colcon.colcon_core.shell:Creating package script '/home/vboxuser/ros2_ws_CS/src/install/inverse_kinematics/share/inverse_kinematics/package.ps1'
[4.664s] INFO:colcon.colcon_core.shell:Creating package descriptor '/home/vboxuser/ros2_ws_CS/src/install/inverse_kinematics/share/inverse_kinematics/package.dsv'
[4.666s] INFO:colcon.colcon_core.shell:Creating package script '/home/vboxuser/ros2_ws_CS/src/install/inverse_kinematics/share/inverse_kinematics/package.sh'
[4.667s] INFO:colcon.colcon_core.shell:Creating package script '/home/vboxuser/ros2_ws_CS/src/install/inverse_kinematics/share/inverse_kinematics/package.bash'
[4.668s] INFO:colcon.colcon_core.shell:Creating package script '/home/vboxuser/ros2_ws_CS/src/install/inverse_kinematics/share/inverse_kinematics/package.zsh'
[4.669s] Level 1:colcon.colcon_core.environment:create_file_with_runtime_dependencies(/home/vboxuser/ros2_ws_CS/src/install/inverse_kinematics/share/colcon-core/packages/inverse_kinematics)
[4.670s] DEBUG:colcon.colcon_parallel_executor.executor.parallel:closing loop
[4.671s] DEBUG:colcon.colcon_parallel_executor.executor.parallel:loop closed
[4.671s] DEBUG:colcon.colcon_parallel_executor.executor.parallel:run_until_complete finished with '0'
[4.672s] DEBUG:colcon.colcon_core.event_reactor:joining thread
[4.779s] INFO:colcon.colcon_core.plugin_system:Skipping extension 'colcon_notification.desktop_notification.terminal_notifier': Not used on non-Darwin systems
[4.780s] INFO:colcon.colcon_core.plugin_system:Skipping extension 'colcon_notification.desktop_notification.win32': Not used on non-Windows systems
[4.780s] INFO:colcon.colcon_notification.desktop_notification:Sending desktop notification using 'notify2'
[4.837s] DEBUG:colcon.colcon_core.event_reactor:joined thread
[4.838s] INFO:colcon.colcon_core.shell:Creating prefix script '/home/vboxuser/ros2_ws_CS/src/install/local_setup.ps1'
[4.841s] INFO:colcon.colcon_core.shell:Creating prefix util module '/home/vboxuser/ros2_ws_CS/src/install/_local_setup_util_ps1.py'
[4.843s] INFO:colcon.colcon_core.shell:Creating prefix chain script '/home/vboxuser/ros2_ws_CS/src/install/setup.ps1'
[4.863s] INFO:colcon.colcon_core.shell:Creating prefix script '/home/vboxuser/ros2_ws_CS/src/install/local_setup.sh'
[4.869s] INFO:colcon.colcon_core.shell:Creating prefix util module '/home/vboxuser/ros2_ws_CS/src/install/_local_setup_util_sh.py'
[4.870s] INFO:colcon.colcon_core.shell:Creating prefix chain script '/home/vboxuser/ros2_ws_CS/src/install/setup.sh'
[4.875s] INFO:colcon.colcon_core.shell:Creating prefix script '/home/vboxuser/ros2_ws_CS/src/install/local_setup.bash'
[4.877s] INFO:colcon.colcon_core.shell:Creating prefix chain script '/home/vboxuser/ros2_ws_CS/src/install/setup.bash'
[4.888s] INFO:colcon.colcon_core.shell:Creating prefix script '/home/vboxuser/ros2_ws_CS/src/install/local_setup.zsh'
[4.892s] INFO:colcon.colcon_core.shell:Creating prefix chain script '/home/vboxuser/ros2_ws_CS/src/install/setup.zsh'
