running egg_info
writing ../../build/serial_comm/serial_comm.egg-info/PKG-INFO
writing dependency_links to ../../build/serial_comm/serial_comm.egg-info/dependency_links.txt
writing entry points to ../../build/serial_comm/serial_comm.egg-info/entry_points.txt
writing requirements to ../../build/serial_comm/serial_comm.egg-info/requires.txt
writing top-level names to ../../build/serial_comm/serial_comm.egg-info/top_level.txt
reading manifest file '../../build/serial_comm/serial_comm.egg-info/SOURCES.txt'
writing manifest file '../../build/serial_comm/serial_comm.egg-info/SOURCES.txt'
running build
running build_py
copying serial_comm/serial_node.py -> /home/vboxuser/ros2_ws_CS/build/serial_comm/build/lib/serial_comm
running install
running install_lib
copying /home/vboxuser/ros2_ws_CS/build/serial_comm/build/lib/serial_comm/serial_node.py -> /home/vboxuser/ros2_ws_CS/install/serial_comm/lib/python3.10/site-packages/serial_comm
byte-compiling /home/vboxuser/ros2_ws_CS/install/serial_comm/lib/python3.10/site-packages/serial_comm/serial_node.py to serial_node.cpython-310.pyc
running install_data
copying launch/system_launch.py -> /home/vboxuser/ros2_ws_CS/install/serial_comm/share/serial_comm/launch
running install_egg_info
removing '/home/vboxuser/ros2_ws_CS/install/serial_comm/lib/python3.10/site-packages/serial_comm-0.0.0-py3.10.egg-info' (and everything under it)
Copying ../../build/serial_comm/serial_comm.egg-info to /home/vboxuser/ros2_ws_CS/install/serial_comm/lib/python3.10/site-packages/serial_comm-0.0.0-py3.10.egg-info
running install_scripts
Installing logger_node script to /home/vboxuser/ros2_ws_CS/install/serial_comm/lib/serial_comm
Installing serial_node script to /home/vboxuser/ros2_ws_CS/install/serial_comm/lib/serial_comm
Installing user_input_node script to /home/vboxuser/ros2_ws_CS/install/serial_comm/lib/serial_comm
writing list of installed files to '/home/vboxuser/ros2_ws_CS/build/serial_comm/install.log'
