[1.991s] Invoking command in '/home/vboxuser/ros2_ws_CS/src/serial_comm': PYTHONPATH=/home/vboxuser/ros2_ws_CS/build/serial_comm/prefix_override:/usr/lib/python3/dist-packages/colcon_core/task/python/colcon_distutils_commands:/home/vboxuser/ros2_ws_CS/install/serial_comm/lib/python3.10/site-packages:${PYTHONPATH} /usr/bin/python3 -W ignore:setup.py install is deprecated -W ignore:easy_install command is deprecated setup.py egg_info --egg-base ../../build/serial_comm build --build-base /home/vboxuser/ros2_ws_CS/build/serial_comm/build install --record /home/vboxuser/ros2_ws_CS/build/serial_comm/install.log --single-version-externally-managed install_data
[2.294s] running egg_info
[2.308s] writing ../../build/serial_comm/serial_comm.egg-info/PKG-INFO
[2.308s] writing dependency_links to ../../build/serial_comm/serial_comm.egg-info/dependency_links.txt
[2.308s] writing entry points to ../../build/serial_comm/serial_comm.egg-info/entry_points.txt
[2.308s] writing requirements to ../../build/serial_comm/serial_comm.egg-info/requires.txt
[2.314s] writing top-level names to ../../build/serial_comm/serial_comm.egg-info/top_level.txt
[2.316s] reading manifest file '../../build/serial_comm/serial_comm.egg-info/SOURCES.txt'
[2.317s] writing manifest file '../../build/serial_comm/serial_comm.egg-info/SOURCES.txt'
[2.317s] running build
[2.318s] running build_py
[2.361s] copying serial_comm/serial_node.py -> /home/vboxuser/ros2_ws_CS/build/serial_comm/build/lib/serial_comm
[2.362s] running install
[2.362s] running install_lib
[2.362s] copying /home/vboxuser/ros2_ws_CS/build/serial_comm/build/lib/serial_comm/serial_node.py -> /home/vboxuser/ros2_ws_CS/install/serial_comm/lib/python3.10/site-packages/serial_comm
[2.362s] byte-compiling /home/vboxuser/ros2_ws_CS/install/serial_comm/lib/python3.10/site-packages/serial_comm/serial_node.py to serial_node.cpython-310.pyc
[2.377s] running install_data
[2.378s] copying launch/system_launch.py -> /home/vboxuser/ros2_ws_CS/install/serial_comm/share/serial_comm/launch
[2.382s] running install_egg_info
[2.394s] removing '/home/vboxuser/ros2_ws_CS/install/serial_comm/lib/python3.10/site-packages/serial_comm-0.0.0-py3.10.egg-info' (and everything under it)
[2.402s] Copying ../../build/serial_comm/serial_comm.egg-info to /home/vboxuser/ros2_ws_CS/install/serial_comm/lib/python3.10/site-packages/serial_comm-0.0.0-py3.10.egg-info
[2.406s] running install_scripts
[2.575s] Installing logger_node script to /home/vboxuser/ros2_ws_CS/install/serial_comm/lib/serial_comm
[2.576s] Installing serial_node script to /home/vboxuser/ros2_ws_CS/install/serial_comm/lib/serial_comm
[2.576s] Installing user_input_node script to /home/vboxuser/ros2_ws_CS/install/serial_comm/lib/serial_comm
[2.576s] writing list of installed files to '/home/vboxuser/ros2_ws_CS/build/serial_comm/install.log'
[2.608s] Invoked command in '/home/vboxuser/ros2_ws_CS/src/serial_comm' returned '0': PYTHONPATH=/home/vboxuser/ros2_ws_CS/build/serial_comm/prefix_override:/usr/lib/python3/dist-packages/colcon_core/task/python/colcon_distutils_commands:/home/vboxuser/ros2_ws_CS/install/serial_comm/lib/python3.10/site-packages:${PYTHONPATH} /usr/bin/python3 -W ignore:setup.py install is deprecated -W ignore:easy_install command is deprecated setup.py egg_info --egg-base ../../build/serial_comm build --build-base /home/vboxuser/ros2_ws_CS/build/serial_comm/build install --record /home/vboxuser/ros2_ws_CS/build/serial_comm/install.log --single-version-externally-managed install_data
